Log file open, 05/28/19 12:05:46
LogWindows: Failed to load 'aqProf.dll' (GetLastError=126)
LogWindows: File 'aqProf.dll' does not exist
LogWindows: Failed to load 'VtuneApi.dll' (GetLastError=126)
LogWindows: File 'VtuneApi.dll' does not exist
LogWindows: Failed to load 'VtuneApi32e.dll' (GetLastError=126)
LogWindows: File 'VtuneApi32e.dll' does not exist
LogInit: Display: Running engine for game: MyProject
LogPlatformFile: Not using cached read wrapper
LogTaskGraph: Started task graph with 5 named threads and 23 total threads with 3 sets of task threads.
LogStats: Stats thread started at 0.878757
LogD3D11RHI: Loaded GFSDK_Aftermath_Lib.x64.dll
LogICUInternationalization: Display: ICU TimeZone Detection - Raw Offset: +0:00, Platform Override: ''
LogPluginManager: Mounting plugin Paper2D
LogPluginManager: Mounting plugin AISupport
LogPluginManager: Mounting plugin LightPropagationVolume
LogPluginManager: Mounting plugin CLionSourceCodeAccess
LogPluginManager: Mounting plugin CodeLiteSourceCodeAccess
LogPluginManager: Mounting plugin GitSourceControl
LogPluginManager: Mounting plugin KDevelopSourceCodeAccess
LogPluginManager: Mounting plugin NullSourceCodeAccess
LogPluginManager: Mounting plugin PerforceSourceControl
LogPluginManager: Mounting plugin SubversionSourceControl
LogPluginManager: Mounting plugin UObjectPlugin
LogPluginManager: Mounting plugin VisualStudioCodeSourceCodeAccess
LogPluginManager: Mounting plugin VisualStudioSourceCodeAccess
LogPluginManager: Mounting plugin XCodeSourceCodeAccess
LogPluginManager: Mounting plugin AssetManagerEditor
LogPluginManager: Mounting plugin CryptoKeys
LogPluginManager: Mounting plugin DataValidation
LogPluginManager: Mounting plugin FacialAnimation
LogPluginManager: Mounting plugin GameplayTagsEditor
LogPluginManager: Mounting plugin MacGraphicsSwitching
LogPluginManager: Mounting plugin MeshEditor
LogPluginManager: Mounting plugin MobileLauncherProfileWizard
LogPluginManager: Mounting plugin PluginBrowser
LogPluginManager: Mounting plugin SpeedTreeImporter
LogPluginManager: Mounting plugin DatasmithContent
LogPluginManager: Mounting plugin AlembicImporter
LogPluginManager: Mounting plugin AppleImageUtils
LogPluginManager: Mounting plugin AppleVision
LogPluginManager: Mounting plugin BackChannel
LogPluginManager: Mounting plugin CharacterAI
LogPluginManager: Mounting plugin GeometryCache
LogPluginManager: Mounting plugin HTML5Networking
LogPluginManager: Mounting plugin ProxyLODPlugin
LogPluginManager: Mounting plugin MagicLeap
LogPluginManager: Mounting plugin MagicLeapEmulator
LogPluginManager: Mounting plugin MagicLeapMedia
LogPluginManager: Mounting plugin AndroidMedia
LogPluginManager: Mounting plugin AvfMedia
LogPluginManager: Mounting plugin ImgMedia
LogPluginManager: Mounting plugin LinearTimecode
LogPluginManager: Mounting plugin MediaCompositing
LogPluginManager: Mounting plugin MediaPlayerEditor
LogPluginManager: Mounting plugin WmfMedia
LogPluginManager: Mounting plugin TcpMessaging
LogPluginManager: Mounting plugin UdpMessaging
LogPluginManager: Mounting plugin ActorSequence
LogPluginManager: Mounting plugin LevelSequenceEditor
LogPluginManager: Mounting plugin MatineeToLevelSequence
LogPluginManager: Mounting plugin NetcodeUnitTest
LogPluginManager: Mounting plugin NUTUnrealEngine4
LogPluginManager: Mounting plugin OnlineSubsystemGooglePlay
LogPluginManager: Mounting plugin OnlineSubsystemIOS
LogPluginManager: Mounting plugin OnlineSubsystem
LogPluginManager: Mounting plugin OnlineSubsystemNull
LogPluginManager: Mounting plugin OnlineSubsystemUtils
LogPluginManager: Mounting plugin LauncherChunkInstaller
LogPluginManager: Mounting plugin AndroidDeviceProfileSelector
LogPluginManager: Mounting plugin AndroidMoviePlayer
LogPluginManager: Mounting plugin AndroidPermission
LogPluginManager: Mounting plugin AppleMoviePlayer
LogPluginManager: Mounting plugin ArchVisCharacter
LogPluginManager: Mounting plugin AudioCapture
LogPluginManager: Mounting plugin CableComponent
LogPluginManager: Mounting plugin CustomMeshComponent
LogPluginManager: Mounting plugin EditableMesh
LogPluginManager: Mounting plugin ExampleDeviceProfileSelector
LogPluginManager: Mounting plugin GoogleCloudMessaging
LogPluginManager: Mounting plugin ImmediatePhysics
LogPluginManager: Mounting plugin IOSDeviceProfileSelector
LogPluginManager: Mounting plugin LinuxDeviceProfileSelector
LogPluginManager: Mounting plugin LocationServicesBPLibrary
LogPluginManager: Mounting plugin MobilePatchingUtils
LogPluginManager: Mounting plugin OculusVR
LogPluginManager: Plugin shader directory ../../../Engine/Plugins/Runtime/Oculus/OculusVR/Shaders found
LogPluginManager: Mapping shader source directory ../../../Engine/Plugins/Runtime/Oculus/OculusVR/Shaders to virtual directory /Plugin/OculusVR
LogPluginManager: Mounting plugin PhysXVehicles
LogPluginManager: Mounting plugin ProceduralMeshComponent
LogPluginManager: Mounting plugin RuntimePhysXCooking
LogPluginManager: Mounting plugin SteamVR
LogPluginManager: Mounting plugin WindowsMoviePlayer
LogStreaming: Display: Took  0.973s to configure plugins.
LogInit: Using libcurl 7.55.1-DEV
LogInit:  - built for x86_64-pc-win32
LogInit:  - supports SSL with OpenSSL/1.0.2h
LogInit:  - supports HTTP deflate (compression) using libz 1.2.8
LogInit:  - other features:
LogInit:      CURL_VERSION_SSL
LogInit:      CURL_VERSION_LIBZ
LogInit:      CURL_VERSION_IPV6
LogInit:      CURL_VERSION_ASYNCHDNS
LogInit:      CURL_VERSION_LARGEFILE
LogInit:      CURL_VERSION_IDN
LogInit:  CurlRequestOptions (configurable via config and command line):
LogInit:  - bVerifyPeer = false  - Libcurl will NOT verify peer certificate
LogInit:  - bUseHttpProxy = false  - Libcurl will NOT use HTTP proxy
LogInit:  - bDontReuseConnections = false  - Libcurl will reuse connections
LogInit:  - CertBundlePath = nullptr  - Libcurl will use whatever was configured at build time.
LogInit:  - MaxHostConnections = 16  - Libcurl will limit the number of connections to a host
LogInit:  - LocalHostAddr = Default
LogInit:  - BufferSize = 65536
LogInit: WinSock: version 1.1 (2.2), MaxSocks=32767, MaxUdp=65467
LogInit: Build: ++UE4+Release-4.20-CL-4369336
LogInit: Engine Version: 4.20.3-4369336+++UE4+Release-4.20
LogInit: Compatible Engine Version: 4.20.0-4212847+++UE4+Release-4.20
LogInit: Net CL: 4212847
LogInit: OS: Windows 7 (Service Pack 1), CPU: Intel(R) Core(TM) i7-6700K CPU @ 4.00GHz, GPU: NVIDIA GeForce GTX 1070
LogInit: Compiled (64-bit): Sep 17 2018 12:26:19
LogInit: Compiled with Visual C++: 19.13.26129.00
LogInit: Build Configuration: Development
LogInit: Branch Name: ++UE4+Release-4.20
LogInit: Command Line:  
LogInit: Base Directory: D:/UE_4.20/Engine/Binaries/Win64/
LogInit: Installed Engine Build: 1
LogDevObjectVersion: Number of dev versions registered: 20
LogDevObjectVersion:   Dev-Blueprints (B0D832E4-1F89-4F0D-ACCF-7EB736FD4AA2): 10
LogDevObjectVersion:   Dev-Build (E1C64328-A22C-4D53-A36C-8E866417BD8C): 0
LogDevObjectVersion:   Dev-Core (375EC13C-06E4-48FB-B500-84F0262A717E): 2
LogDevObjectVersion:   Dev-Editor (E4B068ED-F494-42E9-A231-DA0B2E46BB41): 24
LogDevObjectVersion:   Dev-Framework (CFFC743F-43B0-4480-9391-14DF171D2073): 34
LogDevObjectVersion:   Dev-Mobile (B02B49B5-BB20-44E9-A304-32B752E40360): 2
LogDevObjectVersion:   Dev-Networking (A4E4105C-59A1-49B5-A7C5-40C4547EDFEE): 0
LogDevObjectVersion:   Dev-Online (39C831C9-5AE6-47DC-9A44-9C173E1C8E7C): 0
LogDevObjectVersion:   Dev-Physics (78F01B33-EBEA-4F98-B9B4-84EACCB95AA2): 0
LogDevObjectVersion:   Dev-Platform (6631380F-2D4D-43E0-8009-CF276956A95A): 0
LogDevObjectVersion:   Dev-Rendering (12F88B9F-8875-4AFC-A67C-D90C383ABD29): 26
LogDevObjectVersion:   Dev-Sequencer (7B5AE74C-D270-4C10-A958-57980B212A5A): 9
LogDevObjectVersion:   Dev-VR (D7296918-1DD6-4BDD-9DE2-64A83CC13884): 2
LogDevObjectVersion:   Dev-LoadTimes (C2A15278-BFE7-4AFE-6C17-90FF531DF755): 1
LogDevObjectVersion:   Private-Geometry (6EACA3D4-40EC-4CC1-B786-8BED09428FC5): 3
LogDevObjectVersion:   Dev-AnimPhys (29E575DD-E0A3-4627-9D10-D276232CDCEA): 17
LogDevObjectVersion:   Dev-ReflectionCapture (6B266CEC-1EC7-4B8F-A30B-E4D90942FC07): 1
LogDevObjectVersion:   Dev-Automation (0DF73D61-A23F-47EA-B727-89E90C41499A): 1
LogDevObjectVersion:   FortniteMain (601D1886-AC64-4F84-AA16-D3DE0DEAC7D6): 12
LogDevObjectVersion:   Dev-Enterprise (9DFFBCD6-494F-0158-E221-12823C92A888): 1
LogStreaming: Display: Took  0.008s to delete old logs.
LogInit: Presizing for max 8388607 objects, including 0 objects not considered by GC, pre-allocating 0 bytes for permanent pool.
LogInit: Object subsystem initialized
[2019.05.28-11.05.49:064][  0]LogInit: Selected Device Profile: [Windows]
[2019.05.28-11.05.49:065][  0]LogInit: Applying CVar settings loaded from the selected device profile: [Windows]
[2019.05.28-11.05.49:128][  0]LogHAL: Display: Platform has ~ 32 GB [34283020288 / 34359738368 / 32], which maps to Largest [LargestMinGB=32, LargerMinGB=12, DefaultMinGB=8, SmallerMinGB=6, SmallestMinGB=0)
[2019.05.28-11.05.49:128][  0]LogInit: Setting Device Profile CVar: [[r.Vulkan.UseRealUBs:1]]
[2019.05.28-11.05.49:128][  0]LogInit: Going up to parent DeviceProfile []
[2019.05.28-11.05.49:156][  0]LogInit: Computer: S7D107B441A76B0
[2019.05.28-11.05.49:156][  0]LogInit: User: up877487
[2019.05.28-11.05.49:156][  0]LogInit: CPU Page size=4096, Cores=4
[2019.05.28-11.05.49:156][  0]LogInit: High frequency timer resolution =3.914150 MHz
[2019.05.28-11.05.49:156][  0]LogMemory: Memory total: Physical=31.9GB (32GB approx)
[2019.05.28-11.05.49:156][  0]LogMemory: Platform Memory Stats for Windows
[2019.05.28-11.05.49:156][  0]LogMemory: Process Physical Memory: 107.14 MB used, 107.14 MB peak
[2019.05.28-11.05.49:156][  0]LogMemory: Process Virtual Memory: 100.14 MB used, 100.14 MB peak
[2019.05.28-11.05.49:156][  0]LogMemory: Physical Memory: 4986.30 MB used,  27708.53 MB free, 32694.84 MB total
[2019.05.28-11.05.49:156][  0]LogMemory: Virtual Memory: 511.29 MB used,  27708.53 MB free, 8388608.00 MB total
[2019.05.28-11.05.49:573][  0]LogInit: Using OS detected language (en-GB).
[2019.05.28-11.05.49:573][  0]LogInit: Using OS detected locale (en-GB).
[2019.05.28-11.05.49:592][  0]LogTextLocalizationManager: No specific localization for 'en-GB' exists, so the 'en' localization will be used.
[2019.05.28-11.05.50:148][  0]LogStreaming: Display: Took  0.569s to InitEngineTextLocalization.
[2019.05.28-11.05.50:149][  0]LogWindows: Failed to load 'shcore.dll' (GetLastError=126)
[2019.05.28-11.05.50:149][  0]LogWindows: File 'shcore.dll' does not exist
[2019.05.28-11.05.50:149][  0]LogInit: Setting process to DPI aware
[2019.05.28-11.05.50:423][  0]LogSlate: New Slate User Created.  User Index 0, Is Virtual User: 0
[2019.05.28-11.05.50:423][  0]LogSlate: Slate User Registered.  User Index 0, Is Virtual User: 0
[2019.05.28-11.05.50:946][  0]LogD3D11RHI: D3D11 adapters:
[2019.05.28-11.05.50:993][  0]LogD3D11RHI:    0. 'NVIDIA GeForce GTX 1070' (Feature Level 11_0)
[2019.05.28-11.05.50:993][  0]LogD3D11RHI:       8077/0/16091 MB DedicatedVideo/DedicatedSystem/SharedSystem, Outputs:2, VendorId:0x10de
[2019.05.28-11.05.50:993][  0]LogD3D11RHI: Chosen D3D11 Adapter: 0
[2019.05.28-11.05.50:998][  0]LogD3D11RHI: Creating new Direct3DDevice
[2019.05.28-11.05.50:998][  0]LogD3D11RHI:     GPU DeviceId: 0x1b81 (for the marketing name, search the web for "GPU Device Id")
[2019.05.28-11.05.50:998][  0]LogWindows: EnumDisplayDevices:
[2019.05.28-11.05.50:999][  0]LogWindows:    0. 'NVIDIA GeForce GTX 1070' (P:1 D:1)
[2019.05.28-11.05.50:999][  0]LogWindows:    1. 'NVIDIA GeForce GTX 1070' (P:0 D:1)
[2019.05.28-11.05.50:999][  0]LogWindows:    2. 'NVIDIA GeForce GTX 1070' (P:0 D:0)
[2019.05.28-11.05.51:000][  0]LogWindows:    3. 'NVIDIA GeForce GTX 1070' (P:0 D:0)
[2019.05.28-11.05.51:000][  0]LogWindows:    4. 'RDPDD Chained DD' (P:0 D:0)
[2019.05.28-11.05.51:000][  0]LogWindows:    5. 'RDP Encoder Mirror Driver' (P:0 D:0)
[2019.05.28-11.05.51:000][  0]LogWindows:    6. 'RDP Reflector Display Driver' (P:0 D:0)
[2019.05.28-11.05.51:000][  0]LogWindows: DebugString: GetVideoDriverDetailsInvalid PrimaryIsNotTheChoosenAdapter GetVideoDriverDetailsInvalid PrimaryIsNotTheChoosenAdapter GetVideoDriverDetailsInvalid PrimaryIsNotTheChoosenAdapter FoundDriverCount:4 
[2019.05.28-11.05.51:000][  0]LogD3D11RHI:     Adapter Name: NVIDIA GeForce GTX 1070
[2019.05.28-11.05.51:000][  0]LogD3D11RHI:   Driver Version: 416.34 (internal:25.21.14.1634, unified:416.34)
[2019.05.28-11.05.51:000][  0]LogD3D11RHI:      Driver Date: 10-10-2018
[2019.05.28-11.05.51:000][  0]LogRHI: Texture pool is 5654 MB (70% of 8077 MB)
[2019.05.28-11.05.51:019][  0]LogD3D11RHI: Async texture creation enabled
[2019.05.28-11.05.51:034][  0]LogD3D11RHI: GPU Timing Frequency: 1000.000000 (Debug: 2 2)
[2019.05.28-11.05.51:097][  0]LogShaderCompilers: Guid format shader working directory is 6 characters bigger than the processId version (//Su1/ub/UP877487/Unreal Projects/MyProject/Intermediate/Shaders/WorkingDirectory/9816/).
[2019.05.28-11.05.51:097][  0]LogShaderCompilers: Cleaned the shader compiler working directory 'C:/Users/up877487/AppData/Local/Temp/UnrealShaderWorkingDir/C2FD035345FAEB0455B3889CEF8EA81F/'.
[2019.05.28-11.05.51:807][  0]LogTemp: Display: Loaded TP AllDesktopTargetPlatform
[2019.05.28-11.05.51:839][  0]LogTemp: Display: Loaded TP MacClientTargetPlatform
[2019.05.28-11.05.51:863][  0]LogTemp: Display: Loaded TP MacNoEditorTargetPlatform
[2019.05.28-11.05.51:887][  0]LogTemp: Display: Loaded TP MacServerTargetPlatform
[2019.05.28-11.05.51:938][  0]LogTemp: Display: Loaded TP MacTargetPlatform
[2019.05.28-11.05.51:971][  0]LogTemp: Display: Loaded TP WindowsClientTargetPlatform
[2019.05.28-11.05.51:998][  0]LogTemp: Display: Loaded TP WindowsNoEditorTargetPlatform
[2019.05.28-11.05.52:020][  0]LogTemp: Display: Loaded TP WindowsServerTargetPlatform
[2019.05.28-11.05.52:039][  0]LogTemp: Display: Loaded TP WindowsTargetPlatform
[2019.05.28-11.05.52:173][  0]LogTemp: Display: Loaded TP AndroidTargetPlatform
[2019.05.28-11.05.52:173][  0]LogTemp: Display: Loaded TP AndroidTargetPlatform
[2019.05.28-11.05.52:173][  0]LogTemp: Display: Loaded TP AndroidTargetPlatform
[2019.05.28-11.05.52:173][  0]LogTemp: Display: Loaded TP AndroidTargetPlatform
[2019.05.28-11.05.52:173][  0]LogTemp: Display: Loaded TP AndroidTargetPlatform
[2019.05.28-11.05.52:173][  0]LogTemp: Display: Loaded TP AndroidTargetPlatform
[2019.05.28-11.05.52:173][  0]LogTemp: Display: Loaded TP AndroidTargetPlatform
[2019.05.28-11.05.52:173][  0]LogTemp: Display: Loaded TP AndroidTargetPlatform
[2019.05.28-11.05.52:173][  0]LogTemp: Display: Loaded TP AndroidTargetPlatform
[2019.05.28-11.05.52:173][  0]LogTemp: Display: Loaded TP AndroidTargetPlatform
[2019.05.28-11.05.52:173][  0]LogTemp: Display: Loaded TP AndroidTargetPlatform
[2019.05.28-11.05.52:173][  0]LogTemp: Display: Loaded TP AndroidTargetPlatform
[2019.05.28-11.05.52:173][  0]LogTemp: Display: Loaded TP AndroidTargetPlatform
[2019.05.28-11.05.52:173][  0]LogTemp: Display: Loaded TP AndroidTargetPlatform
[2019.05.28-11.05.52:173][  0]LogTemp: Display: Loaded TP AndroidTargetPlatform
[2019.05.28-11.05.52:173][  0]LogTemp: Display: Loaded TP AndroidTargetPlatform
[2019.05.28-11.05.52:173][  0]LogTemp: Display: Loaded TP AndroidTargetPlatform
[2019.05.28-11.05.52:173][  0]LogTemp: Display: Loaded TP AndroidTargetPlatform
[2019.05.28-11.05.52:194][  0]LogTemp: Display: Loaded TP HTML5TargetPlatform
[2019.05.28-11.05.52:315][  0]LogTemp: Display: Loaded TP IOSTargetPlatform
[2019.05.28-11.05.52:315][  0]LogTemp: Display: Loaded TP IOSTargetPlatform
[2019.05.28-11.05.52:354][  0]LogTemp: Display: Loaded TP TVOSTargetPlatform
[2019.05.28-11.05.52:354][  0]LogTemp: Display: Loaded TP TVOSTargetPlatform
[2019.05.28-11.05.52:400][  0]LogTemp: Display: Loaded TP LinuxClientTargetPlatform
[2019.05.28-11.05.52:423][  0]LogTemp: Display: Loaded TP LinuxNoEditorTargetPlatform
[2019.05.28-11.05.52:441][  0]LogTemp: Display: Loaded TP LinuxServerTargetPlatform
[2019.05.28-11.05.52:475][  0]LogTemp: Display: Loaded TP LinuxTargetPlatform
[2019.05.28-11.05.52:520][  0]LogTemp: Display: Loaded TP LuminTargetPlatform
[2019.05.28-11.05.52:520][  0]LogTargetPlatformManager: Display: Building Assets For Windows
[2019.05.28-11.05.53:180][  0]LogXGEController: Cleaning working directory: C:/Users/up877487/AppData/Local/Temp/UnrealXGEWorkingDir/
[2019.05.28-11.05.53:190][  0]LogShaderCompilers: Display: Using XGE Shader Compiler (Interception Interface).
[2019.05.28-11.05.54:023][  0]LogDerivedDataCache: Display: Max Cache Size: 512 MB
[2019.05.28-11.05.54:024][  0]LogDerivedDataCache: Display: Starting with empty Boot cache
[2019.05.28-11.05.54:024][  0]LogDerivedDataCache: FDerivedDataBackendGraph:  Pak pak cache file //Su1/ub/UP877487/Unreal Projects/MyProject/DerivedDataCache/DDC.ddp not found, will not use a pak cache.
[2019.05.28-11.05.54:024][  0]LogDerivedDataCache: Unable to find inner node Pak for hierarchical cache Hierarchy.
[2019.05.28-11.05.54:024][  0]LogDerivedDataCache: FDerivedDataBackendGraph:  CompressedPak pak cache file //Su1/ub/UP877487/Unreal Projects/MyProject/DerivedDataCache/Compressed.ddp not found, will not use a pak cache.
[2019.05.28-11.05.54:024][  0]LogDerivedDataCache: Unable to find inner node CompressedPak for hierarchical cache Hierarchy.
[2019.05.28-11.05.54:068][  0]LogDerivedDataCache: Display: Pak cache opened for reading ../../../Engine/DerivedDataCache/Compressed.ddp.
[2019.05.28-11.05.54:080][  0]LogDerivedDataCache: Using Local data cache path C:/Users/up877487/AppData/Local/UnrealEngine/Common/DerivedDataCache: Writable
[2019.05.28-11.05.54:080][  0]LogDerivedDataCache: Shared data cache path not found in *engine.ini, will not use an Shared cache.
[2019.05.28-11.05.54:080][  0]LogDerivedDataCache: Unable to find inner node Shared for hierarchical cache Hierarchy.
[2019.05.28-11.05.54:148][  0]LogMaterial: Verifying Global Shaders for PCD3D_SM5
[2019.05.28-11.05.54:150][  0]LogSlate: Using FreeType 2.6.0
[2019.05.28-11.05.54:214][  0]LogSlate: SlateFontServices - WITH_FREETYPE: 1, WITH_HARFBUZZ: 1
[2019.05.28-11.05.54:430][  0]LogAssetRegistry: FAssetRegistry took 0.0237 seconds to start up
[2019.05.28-11.05.55:172][  0]LogInit: Selected Device Profile: [Windows]
[2019.05.28-11.05.56:422][  0]LogMaterial: Display: Missing cached shader map for material DefaultDeferredDecalMaterial, compiling. 
[2019.05.28-11.06.31:939][  0]LogMaterial: Display: Missing cached shader map for material DefaultLightFunctionMaterial, compiling. 
[2019.05.28-11.06.36:961][  0]LogMaterial: Display: Missing cached shader map for material DefaultPostProcessMaterial, compiling. 
[2019.05.28-11.06.41:104][  0]LogMaterial: Display: Missing cached shader map for material WorldGridMaterial, compiling. Is special engine material.
[2019.05.28-11.09.23:112][  0]LogMaterial: Display: Missing cached shader map for material MatineeCam_mat, compiling. 
[2019.05.28-11.09.23:355][  0]LogSimplygon: Simplygon DLL not present - disabling.
[2019.05.28-11.09.23:458][  0]LogMeshReduction: Using SimplygonSwarm for distributed automatic mesh merging
[2019.05.28-11.09.23:458][  0]LogMeshReduction: Using ProxyLODMeshReduction for automatic mesh merging
[2019.05.28-11.09.23:458][  0]LogMeshReduction: Using QuadricMeshReduction for automatic static mesh reduction
[2019.05.28-11.09.23:458][  0]LogMeshReduction: No automatic skeletal mesh reduction module available
[2019.05.28-11.09.23:546][  0]LogNetVersion: MyProject 1.0.0, NetCL: 4212847, EngineNetVer: 5, GameNetVer: 0 (Checksum: 1110078900)
[2019.05.28-11.09.23:661][  0]LogMaterial: Display: Missing cached shader map for material HelpActorMaterial, compiling. 
[2019.05.28-11.09.23:975][  0]LogMaterial: Display: Missing cached shader map for material DefaultTextMaterialOpaque, compiling. 
[2019.05.28-11.09.24:067][  0]LogMaterial: Display: Missing cached shader map for material BaseFlattenMaterial, compiling. 
[2019.05.28-11.09.24:268][  0]LogMaterial: Display: Missing cached shader map for material CineMat, compiling. 
[2019.05.28-11.09.24:515][  0]LogMaterial: Display: Missing cached shader map for material M_SimpleOpaque, compiling. 
[2019.05.28-11.09.24:576][  0]LogMaterial: Display: Missing cached shader map for material M_SimpleTranslucent, compiling. 
[2019.05.28-11.09.24:648][  0]LogMaterial: Display: Missing cached shader map for material TranslucentTransformGizmoMaterial, compiling. 
[2019.05.28-11.09.24:655][  0]LogMaterial: Display: Missing cached shader map for material TransformGizmoMaterial, compiling. 
[2019.05.28-11.09.24:693][  0]LogMaterial: Display: Missing cached shader map for material Main, compiling. 
[2019.05.28-11.09.24:704][  0]LogMaterial: Display: Missing cached shader map for material Xray, compiling. 
[2019.05.28-11.09.24:926][  0]LogMaterial: Display: Missing cached shader map for material SkySphereMaterial, compiling. 
[2019.05.28-11.09.24:987][  0]LogMaterial: Display: Missing cached shader map for material FloorPlaneMaterial, compiling. 
[2019.05.28-11.09.25:177][  0]LogMaterial: Display: Missing cached shader map for material LandscapeGizmo_Mat, compiling. 
[2019.05.28-11.09.25:198][  0]LogMaterial: Display: Missing cached shader map for material LandscapeGizmoHeight_Mat, compiling. 
[2019.05.28-11.09.25:225][  0]LogMaterial: Display: Missing cached shader map for material SplineEditorMeshMat, compiling. 
[2019.05.28-11.09.25:745][  0]LogPackageLocalizationCache: Processed 11 localized package path(s) for 2 prioritized culture(s) in 0.392497 seconds
[2019.05.28-11.09.25:751][  0]LogUObjectArray: 38447 objects as part of root set at end of initial load.
[2019.05.28-11.09.25:751][  0]LogUObjectAllocator: 6692624 out of 0 bytes used by permanent object pool.
[2019.05.28-11.09.25:751][  0]LogUObjectArray: CloseDisregardForGC: 0/0 objects in disregard for GC pool
[2019.05.28-11.09.39:804][  0]LogMaterial: Display: Missing cached shader map for material BaseColor, compiling. 
[2019.05.28-11.09.39:812][  0]LogMaterial: Display: Missing cached shader map for material CustomDepth, compiling. 
[2019.05.28-11.09.39:872][  0]LogMaterial: Display: Missing cached shader map for material CustomStencil, compiling. 
[2019.05.28-11.09.39:880][  0]LogMaterial: Display: Missing cached shader map for material FinalImage, compiling. 
[2019.05.28-11.09.39:890][  0]LogMaterial: Display: Missing cached shader map for material LightingModel, compiling. 
[2019.05.28-11.09.39:897][  0]LogMaterial: Display: Missing cached shader map for material MaterialAO, compiling. 
[2019.05.28-11.09.39:904][  0]LogMaterial: Display: Missing cached shader map for material Metallic, compiling. 
[2019.05.28-11.09.39:912][  0]LogMaterial: Display: Missing cached shader map for material Opacity, compiling. 
[2019.05.28-11.09.39:921][  0]LogMaterial: Display: Missing cached shader map for material Roughness, compiling. 
[2019.05.28-11.09.39:929][  0]LogMaterial: Display: Missing cached shader map for material SceneColor, compiling. 
[2019.05.28-11.09.39:938][  0]LogMaterial: Display: Missing cached shader map for material SceneDepth, compiling. 
[2019.05.28-11.09.39:945][  0]LogMaterial: Display: Missing cached shader map for material SeparateTranslucencyRGB, compiling. 
[2019.05.28-11.09.39:952][  0]LogMaterial: Display: Missing cached shader map for material SeparateTranslucencyA, compiling. 
[2019.05.28-11.09.39:960][  0]LogMaterial: Display: Missing cached shader map for material Specular, compiling. 
[2019.05.28-11.09.39:968][  0]LogMaterial: Display: Missing cached shader map for material SubsurfaceColor, compiling. 
[2019.05.28-11.09.39:976][  0]LogMaterial: Display: Missing cached shader map for material WorldNormal, compiling. 
[2019.05.28-11.09.39:986][  0]LogMaterial: Display: Missing cached shader map for material AmbientOcclusion, compiling. 
[2019.05.28-11.09.39:999][  0]LogMaterial: Display: Missing cached shader map for material CustomDepthWorldUnits, compiling. 
[2019.05.28-11.09.40:008][  0]LogMaterial: Display: Missing cached shader map for material SceneDepthWorldUnits, compiling. 
[2019.05.28-11.09.40:016][  0]LogMaterial: Display: Missing cached shader map for material PreTonemapHDRColor, compiling. 
[2019.05.28-11.09.40:026][  0]LogMaterial: Display: Missing cached shader map for material PostTonemapHDRColor, compiling. 
[2019.05.28-11.09.40:271][  0]LogTcpMessaging: Initializing TcpMessaging bridge
[2019.05.28-11.09.40:329][  0]LogUdpMessaging: Initializing bridge on interface 0.0.0.0:0 to multicast group 230.0.0.1:6666.
