Log file open, 05/25/19 14:27:19
LogWindows: Failed to load 'aqProf.dll' (GetLastError=126)
LogWindows: File 'aqProf.dll' does not exist
LogWindows: Failed to load 'VtuneApi.dll' (GetLastError=126)
LogWindows: File 'VtuneApi.dll' does not exist
LogWindows: Failed to load 'VtuneApi32e.dll' (GetLastError=126)
LogWindows: File 'VtuneApi32e.dll' does not exist
LogInit: Display: Running engine for game: MyProject
LogPlatformFile: Not using cached read wrapper
LogTaskGraph: Started task graph with 5 named threads and 23 total threads with 3 sets of task threads.
LogStats: Stats thread started at 0.274442
LogD3D11RHI: Loaded GFSDK_Aftermath_Lib.x64.dll
LogICUInternationalization: Display: ICU TimeZone Detection - Raw Offset: +0:00, Platform Override: ''
LogPluginManager: Mounting plugin Paper2D
LogPluginManager: Mounting plugin AISupport
LogPluginManager: Mounting plugin LightPropagationVolume
LogPluginManager: Mounting plugin CLionSourceCodeAccess
LogPluginManager: Mounting plugin CodeLiteSourceCodeAccess
LogPluginManager: Mounting plugin GitSourceControl
LogPluginManager: Mounting plugin KDevelopSourceCodeAccess
LogPluginManager: Mounting plugin NullSourceCodeAccess
LogPluginManager: Mounting plugin PerforceSourceControl
LogPluginManager: Mounting plugin SubversionSourceControl
LogPluginManager: Mounting plugin UObjectPlugin
LogPluginManager: Mounting plugin VisualStudioCodeSourceCodeAccess
LogPluginManager: Mounting plugin VisualStudioSourceCodeAccess
LogPluginManager: Mounting plugin XCodeSourceCodeAccess
LogPluginManager: Mounting plugin AssetManagerEditor
LogPluginManager: Mounting plugin CryptoKeys
LogPluginManager: Mounting plugin DataValidation
LogPluginManager: Mounting plugin FacialAnimation
LogPluginManager: Mounting plugin GameplayTagsEditor
LogPluginManager: Mounting plugin MacGraphicsSwitching
LogPluginManager: Mounting plugin MeshEditor
LogPluginManager: Mounting plugin MobileLauncherProfileWizard
LogPluginManager: Mounting plugin PluginBrowser
LogPluginManager: Mounting plugin SpeedTreeImporter
LogPluginManager: Mounting plugin DatasmithContent
LogPluginManager: Mounting plugin AlembicImporter
LogPluginManager: Mounting plugin AppleImageUtils
LogPluginManager: Mounting plugin AppleVision
LogPluginManager: Mounting plugin BackChannel
LogPluginManager: Mounting plugin CharacterAI
LogPluginManager: Mounting plugin GeometryCache
LogPluginManager: Mounting plugin HTML5Networking
LogPluginManager: Mounting plugin ProxyLODPlugin
LogPluginManager: Mounting plugin MagicLeap
LogPluginManager: Mounting plugin MagicLeapEmulator
LogPluginManager: Mounting plugin MagicLeapMedia
LogPluginManager: Mounting plugin AndroidMedia
LogPluginManager: Mounting plugin AvfMedia
LogPluginManager: Mounting plugin ImgMedia
LogPluginManager: Mounting plugin LinearTimecode
LogPluginManager: Mounting plugin MediaCompositing
LogPluginManager: Mounting plugin MediaPlayerEditor
LogPluginManager: Mounting plugin WmfMedia
LogPluginManager: Mounting plugin TcpMessaging
LogPluginManager: Mounting plugin UdpMessaging
LogPluginManager: Mounting plugin ActorSequence
LogPluginManager: Mounting plugin LevelSequenceEditor
LogPluginManager: Mounting plugin MatineeToLevelSequence
LogPluginManager: Mounting plugin NetcodeUnitTest
LogPluginManager: Mounting plugin NUTUnrealEngine4
LogPluginManager: Mounting plugin OnlineSubsystemGooglePlay
LogPluginManager: Mounting plugin OnlineSubsystemIOS
LogPluginManager: Mounting plugin OnlineSubsystem
LogPluginManager: Mounting plugin OnlineSubsystemNull
LogPluginManager: Mounting plugin OnlineSubsystemUtils
LogPluginManager: Mounting plugin LauncherChunkInstaller
LogPluginManager: Mounting plugin AndroidDeviceProfileSelector
LogPluginManager: Mounting plugin AndroidMoviePlayer
LogPluginManager: Mounting plugin AndroidPermission
LogPluginManager: Mounting plugin AppleMoviePlayer
LogPluginManager: Mounting plugin ArchVisCharacter
LogPluginManager: Mounting plugin AudioCapture
LogPluginManager: Mounting plugin CableComponent
LogPluginManager: Mounting plugin CustomMeshComponent
LogPluginManager: Mounting plugin EditableMesh
LogPluginManager: Mounting plugin ExampleDeviceProfileSelector
LogPluginManager: Mounting plugin GoogleCloudMessaging
LogPluginManager: Mounting plugin ImmediatePhysics
LogPluginManager: Mounting plugin IOSDeviceProfileSelector
LogPluginManager: Mounting plugin LinuxDeviceProfileSelector
LogPluginManager: Mounting plugin LocationServicesBPLibrary
LogPluginManager: Mounting plugin MobilePatchingUtils
LogPluginManager: Mounting plugin OculusVR
LogPluginManager: Plugin shader directory ../../../Engine/Plugins/Runtime/Oculus/OculusVR/Shaders found
LogPluginManager: Mapping shader source directory ../../../Engine/Plugins/Runtime/Oculus/OculusVR/Shaders to virtual directory /Plugin/OculusVR
LogPluginManager: Mounting plugin PhysXVehicles
LogPluginManager: Mounting plugin ProceduralMeshComponent
LogPluginManager: Mounting plugin RuntimePhysXCooking
LogPluginManager: Mounting plugin SteamVR
LogPluginManager: Mounting plugin WindowsMoviePlayer
LogStreaming: Display: Took  0.995s to configure plugins.
LogInit: Using libcurl 7.55.1-DEV
LogInit:  - built for x86_64-pc-win32
LogInit:  - supports SSL with OpenSSL/1.0.2h
LogInit:  - supports HTTP deflate (compression) using libz 1.2.8
LogInit:  - other features:
LogInit:      CURL_VERSION_SSL
LogInit:      CURL_VERSION_LIBZ
LogInit:      CURL_VERSION_IPV6
LogInit:      CURL_VERSION_ASYNCHDNS
LogInit:      CURL_VERSION_LARGEFILE
LogInit:      CURL_VERSION_IDN
LogInit:  CurlRequestOptions (configurable via config and command line):
LogInit:  - bVerifyPeer = false  - Libcurl will NOT verify peer certificate
LogInit:  - bUseHttpProxy = false  - Libcurl will NOT use HTTP proxy
LogInit:  - bDontReuseConnections = false  - Libcurl will reuse connections
LogInit:  - CertBundlePath = nullptr  - Libcurl will use whatever was configured at build time.
LogInit:  - MaxHostConnections = 16  - Libcurl will limit the number of connections to a host
LogInit:  - LocalHostAddr = Default
LogInit:  - BufferSize = 65536
LogInit: WinSock: version 1.1 (2.2), MaxSocks=32767, MaxUdp=65467
LogInit: Build: ++UE4+Release-4.20-CL-4302132
LogInit: Engine Version: 4.20.2-4302132+++UE4+Release-4.20
LogInit: Compatible Engine Version: 4.20.0-4212847+++UE4+Release-4.20
LogInit: Net CL: 4212847
LogInit: OS: Windows 10 (), CPU: Intel(R) Core(TM) i7-6700K CPU @ 4.00GHz, GPU: NVIDIA GeForce GTX 980
LogInit: Compiled (64-bit): Aug 21 2018 02:06:06
LogInit: Compiled with Visual C++: 19.13.26129.00
LogInit: Build Configuration: Development
LogInit: Branch Name: ++UE4+Release-4.20
LogInit: Command Line:  
LogInit: Base Directory: D:/UNREAL/UE_4.20/Engine/Binaries/Win64/
LogInit: Installed Engine Build: 1
LogDevObjectVersion: Number of dev versions registered: 20
LogDevObjectVersion:   Dev-Blueprints (B0D832E4-1F89-4F0D-ACCF-7EB736FD4AA2): 10
LogDevObjectVersion:   Dev-Build (E1C64328-A22C-4D53-A36C-8E866417BD8C): 0
LogDevObjectVersion:   Dev-Core (375EC13C-06E4-48FB-B500-84F0262A717E): 2
LogDevObjectVersion:   Dev-Editor (E4B068ED-F494-42E9-A231-DA0B2E46BB41): 24
LogDevObjectVersion:   Dev-Framework (CFFC743F-43B0-4480-9391-14DF171D2073): 34
LogDevObjectVersion:   Dev-Mobile (B02B49B5-BB20-44E9-A304-32B752E40360): 2
LogDevObjectVersion:   Dev-Networking (A4E4105C-59A1-49B5-A7C5-40C4547EDFEE): 0
LogDevObjectVersion:   Dev-Online (39C831C9-5AE6-47DC-9A44-9C173E1C8E7C): 0
LogDevObjectVersion:   Dev-Physics (78F01B33-EBEA-4F98-B9B4-84EACCB95AA2): 0
LogDevObjectVersion:   Dev-Platform (6631380F-2D4D-43E0-8009-CF276956A95A): 0
LogDevObjectVersion:   Dev-Rendering (12F88B9F-8875-4AFC-A67C-D90C383ABD29): 26
LogDevObjectVersion:   Dev-Sequencer (7B5AE74C-D270-4C10-A958-57980B212A5A): 9
LogDevObjectVersion:   Dev-VR (D7296918-1DD6-4BDD-9DE2-64A83CC13884): 2
LogDevObjectVersion:   Dev-LoadTimes (C2A15278-BFE7-4AFE-6C17-90FF531DF755): 1
LogDevObjectVersion:   Private-Geometry (6EACA3D4-40EC-4CC1-B786-8BED09428FC5): 3
LogDevObjectVersion:   Dev-AnimPhys (29E575DD-E0A3-4627-9D10-D276232CDCEA): 17
LogDevObjectVersion:   Dev-ReflectionCapture (6B266CEC-1EC7-4B8F-A30B-E4D90942FC07): 1
LogDevObjectVersion:   Dev-Automation (0DF73D61-A23F-47EA-B727-89E90C41499A): 1
LogDevObjectVersion:   FortniteMain (601D1886-AC64-4F84-AA16-D3DE0DEAC7D6): 12
LogDevObjectVersion:   Dev-Enterprise (9DFFBCD6-494F-0158-E221-12823C92A888): 1
LogStreaming: Display: Took  0.003s to delete old logs.
LogInit: Presizing for max 8388607 objects, including 0 objects not considered by GC, pre-allocating 0 bytes for permanent pool.
LogInit: Object subsystem initialized
[2019.05.25-13.27.20:316][  0]LogInit: Selected Device Profile: [Windows]
[2019.05.25-13.27.20:316][  0]LogInit: Applying CVar settings loaded from the selected device profile: [Windows]
[2019.05.25-13.27.20:396][  0]LogHAL: Display: Platform has ~ 32 GB [34281889792 / 34359738368 / 32], which maps to Largest [LargestMinGB=32, LargerMinGB=12, DefaultMinGB=8, SmallerMinGB=6, SmallestMinGB=0)
[2019.05.25-13.27.20:396][  0]LogInit: Setting Device Profile CVar: [[r.Vulkan.UseRealUBs:1]]
[2019.05.25-13.27.20:397][  0]LogInit: Going up to parent DeviceProfile []
[2019.05.25-13.27.20:397][  0]LogInit: Computer: W0DEL-1-125A-02
[2019.05.25-13.27.20:397][  0]LogInit: User: up877487
[2019.05.25-13.27.20:397][  0]LogInit: CPU Page size=4096, Cores=4
[2019.05.25-13.27.20:397][  0]LogInit: High frequency timer resolution =3.914061 MHz
[2019.05.25-13.27.20:398][  0]LogMemory: Memory total: Physical=31.9GB (32GB approx)
[2019.05.25-13.27.20:398][  0]LogMemory: Platform Memory Stats for Windows
[2019.05.25-13.27.20:398][  0]LogMemory: Process Physical Memory: 104.49 MB used, 104.49 MB peak
[2019.05.25-13.27.20:398][  0]LogMemory: Process Virtual Memory: 96.67 MB used, 96.67 MB peak
[2019.05.25-13.27.20:398][  0]LogMemory: Physical Memory: 5729.44 MB used,  26964.32 MB free, 32693.76 MB total
[2019.05.25-13.27.20:398][  0]LogMemory: Virtual Memory: 531.27 MB used,  26964.32 MB free, 134217728.00 MB total
[2019.05.25-13.27.20:450][  0]LogInit: Using OS detected language (en-GB).
[2019.05.25-13.27.20:450][  0]LogInit: Using OS detected locale (en-GB).
[2019.05.25-13.27.20:450][  0]LogTextLocalizationManager: No specific localization for 'en-GB' exists, so the 'en' localization will be used.
[2019.05.25-13.27.20:748][  0]LogStreaming: Display: Took  0.299s to InitEngineTextLocalization.
[2019.05.25-13.27.20:749][  0]LogInit: Setting process to per monitor DPI aware
[2019.05.25-13.27.20:776][  0]LogSlate: New Slate User Created.  User Index 0, Is Virtual User: 0
[2019.05.25-13.27.20:776][  0]LogSlate: Slate User Registered.  User Index 0, Is Virtual User: 0
[2019.05.25-13.27.20:919][  0]LogD3D11RHI: D3D11 adapters:
[2019.05.25-13.27.20:974][  0]LogD3D11RHI:    0. 'NVIDIA GeForce GTX 980' (Feature Level 11_0)
[2019.05.25-13.27.20:974][  0]LogD3D11RHI:       4053/0/16346 MB DedicatedVideo/DedicatedSystem/SharedSystem, Outputs:1, VendorId:0x10de
[2019.05.25-13.27.20:976][  0]LogD3D11RHI:    1. 'Microsoft Basic Render Driver' (Feature Level 11_0)
[2019.05.25-13.27.20:976][  0]LogD3D11RHI:       0/0/16346 MB DedicatedVideo/DedicatedSystem/SharedSystem, Outputs:0, VendorId:0x1414
[2019.05.25-13.27.20:977][  0]LogD3D11RHI: Chosen D3D11 Adapter: 0
[2019.05.25-13.27.20:980][  0]LogD3D11RHI: Creating new Direct3DDevice
[2019.05.25-13.27.20:980][  0]LogD3D11RHI:     GPU DeviceId: 0x13c0 (for the marketing name, search the web for "GPU Device Id")
[2019.05.25-13.27.20:980][  0]LogWindows: EnumDisplayDevices:
[2019.05.25-13.27.20:980][  0]LogWindows:    0. 'NVIDIA GeForce GTX 980' (P:1 D:1)
[2019.05.25-13.27.20:981][  0]LogWindows:    1. 'NVIDIA GeForce GTX 980' (P:0 D:0)
[2019.05.25-13.27.20:981][  0]LogWindows:    2. 'NVIDIA GeForce GTX 980' (P:0 D:0)
[2019.05.25-13.27.20:981][  0]LogWindows:    3. 'NVIDIA GeForce GTX 980' (P:0 D:0)
[2019.05.25-13.27.20:981][  0]LogWindows: DebugString: FoundDriverCount:4 
[2019.05.25-13.27.20:981][  0]LogD3D11RHI:     Adapter Name: NVIDIA GeForce GTX 980
[2019.05.25-13.27.20:981][  0]LogD3D11RHI:   Driver Version: 399.07 (internal:24.21.13.9907, unified:399.07)
[2019.05.25-13.27.20:981][  0]LogD3D11RHI:      Driver Date: 8-21-2018
[2019.05.25-13.27.20:981][  0]LogRHI: Texture pool is 2837 MB (70% of 4053 MB)
[2019.05.25-13.27.21:013][  0]LogD3D11RHI: Async texture creation enabled
[2019.05.25-13.27.21:029][  0]LogD3D11RHI: GPU Timing Frequency: 1000.000000 (Debug: 2 2)
[2019.05.25-13.27.21:031][  0]LogShaderCompilers: Guid format shader working directory is 20 characters bigger than the processId version (N:/Unreal Projects/MyProject/Intermediate/Shaders/WorkingDirectory/11920/).
[2019.05.25-13.27.21:031][  0]LogShaderCompilers: Cleaned the shader compiler working directory 'C:/Users/up877487/AppData/Local/Temp/UnrealShaderWorkingDir/75A0B71C4708E9531B06DB90D91ACAAE/'.
[2019.05.25-13.27.21:242][  0]LogTemp: Display: Loaded TP AllDesktopTargetPlatform
[2019.05.25-13.27.21:257][  0]LogTemp: Display: Loaded TP MacClientTargetPlatform
[2019.05.25-13.27.21:271][  0]LogTemp: Display: Loaded TP MacNoEditorTargetPlatform
[2019.05.25-13.27.21:284][  0]LogTemp: Display: Loaded TP MacServerTargetPlatform
[2019.05.25-13.27.21:297][  0]LogTemp: Display: Loaded TP MacTargetPlatform
[2019.05.25-13.27.21:313][  0]LogTemp: Display: Loaded TP WindowsClientTargetPlatform
[2019.05.25-13.27.21:326][  0]LogTemp: Display: Loaded TP WindowsNoEditorTargetPlatform
[2019.05.25-13.27.21:339][  0]LogTemp: Display: Loaded TP WindowsServerTargetPlatform
[2019.05.25-13.27.21:345][  0]LogTemp: Display: Loaded TP WindowsTargetPlatform
[2019.05.25-13.27.21:410][  0]LogTemp: Display: Loaded TP AndroidTargetPlatform
[2019.05.25-13.27.21:410][  0]LogTemp: Display: Loaded TP AndroidTargetPlatform
[2019.05.25-13.27.21:410][  0]LogTemp: Display: Loaded TP AndroidTargetPlatform
[2019.05.25-13.27.21:410][  0]LogTemp: Display: Loaded TP AndroidTargetPlatform
[2019.05.25-13.27.21:410][  0]LogTemp: Display: Loaded TP AndroidTargetPlatform
[2019.05.25-13.27.21:410][  0]LogTemp: Display: Loaded TP AndroidTargetPlatform
[2019.05.25-13.27.21:410][  0]LogTemp: Display: Loaded TP AndroidTargetPlatform
[2019.05.25-13.27.21:410][  0]LogTemp: Display: Loaded TP AndroidTargetPlatform
[2019.05.25-13.27.21:411][  0]LogTemp: Display: Loaded TP AndroidTargetPlatform
[2019.05.25-13.27.21:411][  0]LogTemp: Display: Loaded TP AndroidTargetPlatform
[2019.05.25-13.27.21:411][  0]LogTemp: Display: Loaded TP AndroidTargetPlatform
[2019.05.25-13.27.21:411][  0]LogTemp: Display: Loaded TP AndroidTargetPlatform
[2019.05.25-13.27.21:411][  0]LogTemp: Display: Loaded TP AndroidTargetPlatform
[2019.05.25-13.27.21:411][  0]LogTemp: Display: Loaded TP AndroidTargetPlatform
[2019.05.25-13.27.21:411][  0]LogTemp: Display: Loaded TP AndroidTargetPlatform
[2019.05.25-13.27.21:411][  0]LogTemp: Display: Loaded TP AndroidTargetPlatform
[2019.05.25-13.27.21:411][  0]LogTemp: Display: Loaded TP AndroidTargetPlatform
[2019.05.25-13.27.21:411][  0]LogTemp: Display: Loaded TP AndroidTargetPlatform
[2019.05.25-13.27.21:411][  0]LogTemp: Display: Loaded TP HTML5TargetPlatform
[2019.05.25-13.27.21:471][  0]LogTemp: Display: Loaded TP IOSTargetPlatform
[2019.05.25-13.27.21:471][  0]LogTemp: Display: Loaded TP IOSTargetPlatform
[2019.05.25-13.27.21:494][  0]LogTemp: Display: Loaded TP TVOSTargetPlatform
[2019.05.25-13.27.21:494][  0]LogTemp: Display: Loaded TP TVOSTargetPlatform
[2019.05.25-13.27.21:507][  0]LogTemp: Display: Loaded TP LinuxClientTargetPlatform
[2019.05.25-13.27.21:519][  0]LogTemp: Display: Loaded TP LinuxNoEditorTargetPlatform
[2019.05.25-13.27.21:532][  0]LogTemp: Display: Loaded TP LinuxServerTargetPlatform
[2019.05.25-13.27.21:547][  0]LogTemp: Display: Loaded TP LinuxTargetPlatform
[2019.05.25-13.27.21:554][  0]LogTemp: Display: Loaded TP LuminTargetPlatform
[2019.05.25-13.27.21:554][  0]LogTargetPlatformManager: Display: Building Assets For Windows
[2019.05.25-13.27.21:602][  0]LogXGEController: Cannot use XGE Controller as Incredibuild is not installed on this machine.
[2019.05.25-13.27.21:603][  0]LogShaderCompilers: Cannot use XGE Shader Compiler as Incredibuild is not installed on this machine.
[2019.05.25-13.27.21:603][  0]LogShaderCompilers: Display: Using Local Shader Compiler.
[2019.05.25-13.27.22:202][  0]LogDerivedDataCache: Display: Max Cache Size: 512 MB
[2019.05.25-13.27.22:261][  0]LogDerivedDataCache: Loaded boot cache 0.06s 86MB C:/Users/up877487/AppData/Local/UnrealEngine/4.20/DerivedDataCache/Boot.ddc.
[2019.05.25-13.27.22:261][  0]LogDerivedDataCache: Display: Loaded Boot cache: C:/Users/up877487/AppData/Local/UnrealEngine/4.20/DerivedDataCache/Boot.ddc
[2019.05.25-13.27.22:262][  0]LogDerivedDataCache: FDerivedDataBackendGraph:  Pak pak cache file N:/Unreal Projects/MyProject/DerivedDataCache/DDC.ddp not found, will not use a pak cache.
[2019.05.25-13.27.22:262][  0]LogDerivedDataCache: Unable to find inner node Pak for hierarchical cache Hierarchy.
[2019.05.25-13.27.22:263][  0]LogDerivedDataCache: FDerivedDataBackendGraph:  CompressedPak pak cache file N:/Unreal Projects/MyProject/DerivedDataCache/Compressed.ddp not found, will not use a pak cache.
[2019.05.25-13.27.22:263][  0]LogDerivedDataCache: Unable to find inner node CompressedPak for hierarchical cache Hierarchy.
[2019.05.25-13.27.22:275][  0]LogDerivedDataCache: Display: Pak cache opened for reading ../../../Engine/DerivedDataCache/Compressed.ddp.
[2019.05.25-13.27.22:287][  0]LogDerivedDataCache: Using Local data cache path C:/Users/up877487/AppData/Local/UnrealEngine/Common/DerivedDataCache: Writable
[2019.05.25-13.27.22:287][  0]LogDerivedDataCache: Shared data cache path not found in *engine.ini, will not use an Shared cache.
[2019.05.25-13.27.22:287][  0]LogDerivedDataCache: Unable to find inner node Shared for hierarchical cache Hierarchy.
[2019.05.25-13.27.22:303][  0]LogMaterial: Verifying Global Shaders for PCD3D_SM5
[2019.05.25-13.27.22:304][  0]LogSlate: Using FreeType 2.6.0
[2019.05.25-13.27.22:304][  0]LogSlate: SlateFontServices - WITH_FREETYPE: 1, WITH_HARFBUZZ: 1
[2019.05.25-13.27.22:366][  0]LogAssetRegistry: FAssetRegistry took 0.0248 seconds to start up
[2019.05.25-13.27.22:639][  0]LogInit: Selected Device Profile: [Windows]
[2019.05.25-13.27.22:750][  0]LogSimplygon: Simplygon DLL not present - disabling.
[2019.05.25-13.27.22:753][  0]LogMeshReduction: Using SimplygonSwarm for distributed automatic mesh merging
[2019.05.25-13.27.22:753][  0]LogMeshReduction: Using ProxyLODMeshReduction for automatic mesh merging
[2019.05.25-13.27.22:753][  0]LogMeshReduction: Using QuadricMeshReduction for automatic static mesh reduction
[2019.05.25-13.27.22:753][  0]LogMeshReduction: No automatic skeletal mesh reduction module available
[2019.05.25-13.27.22:765][  0]LogNetVersion: MyProject 1.0.0, NetCL: 4212847, EngineNetVer: 5, GameNetVer: 0 (Checksum: 1110078900)
[2019.05.25-13.27.23:711][  0]LogPackageLocalizationCache: Processed 11 localized package path(s) for 2 prioritized culture(s) in 0.597930 seconds
[2019.05.25-13.27.23:716][  0]LogUObjectArray: 38425 objects as part of root set at end of initial load.
[2019.05.25-13.27.23:716][  0]LogUObjectAllocator: 6690872 out of 0 bytes used by permanent object pool.
[2019.05.25-13.27.23:716][  0]LogUObjectArray: CloseDisregardForGC: 0/0 objects in disregard for GC pool
[2019.05.25-13.27.24:396][  0]LogTcpMessaging: Initializing TcpMessaging bridge
[2019.05.25-13.27.24:409][  0]LogUdpMessaging: Initializing bridge on interface 0.0.0.0:0 to multicast group 230.0.0.1:6666.
[2019.05.25-13.27.24:593][  0]SourceControl: Source control is disabled
[2019.05.25-13.27.24:593][  0]SourceControl: Source control is disabled
[2019.05.25-13.27.24:594][  0]SourceControl: Source control is disabled
[2019.05.25-13.27.24:595][  0]SourceControl: Source control is disabled
[2019.05.25-13.27.24:814][  0]LogAndroidPermission: UAndroidPermissionCallbackProxy::GetInstance
[2019.05.25-13.27.24:888][  0]LogOcInput: OculusInput pre-init called
[2019.05.25-13.27.24:940][  0]LogEngine: Initializing Engine...
[2019.05.25-13.27.24:941][  0]LogHMD: Oculus plugin initialized. Version: 4.20.2-4302132+++UE4+Release-4.20, OVRPlugin: 1.25.0
[2019.05.25-13.27.24:942][  0]LogStats: UGameplayTagsManager::ConstructGameplayTagTree: ImportINI prefixes -  0.000 s
[2019.05.25-13.27.24:942][  0]LogStats: UGameplayTagsManager::ConstructGameplayTagTree: Construct from data asset -  0.000 s
[2019.05.25-13.27.24:943][  0]LogStats: UGameplayTagsManager::ConstructGameplayTagTree: ImportINI -  0.001 s
[2019.05.25-13.27.24:943][  0]LogStats: UGameplayTagsManager::ConstructGameplayTagTree: GameplayTagTreeChangedEvent.Broadcast -  0.000 s
[2019.05.25-13.27.25:118][  0]LogInit: Initializing FReadOnlyCVARCache
[2019.05.25-13.27.25:129][  0]LogAIModule: Creating AISystem for world Untitled
[2019.05.25-13.27.25:150][  0]LogInit: XAudio2 using 'Headphones (3- Rift Audio)' : 2 channels at 48 kHz using 16 bits per sample (channel mask 0x3)
[2019.05.25-13.27.25:159][  0]LogInit: FAudioDevice initialized.
[2019.05.25-13.27.25:159][  0]LogNetVersion: Set ProjectVersion to 1.0.0.0. Version Checksum will be recalculated on next use.
[2019.05.25-13.27.25:228][  0]LogDerivedDataCache: Saved boot cache 0.07s 72MB C:/Users/up877487/AppData/Local/UnrealEngine/4.20/DerivedDataCache/Boot.ddc.
[2019.05.25-13.27.25:234][  0]LogInit: Texture streaming: Enabled
[2019.05.25-13.27.25:247][  0]LogEngineSessionManager: EngineSessionManager initialized
[2019.05.25-13.27.25:256][  0]LogInit: Transaction tracking system initialized
[2019.05.25-13.27.25:273][  0]BlueprintLog: New page: Editor Load
[2019.05.25-13.27.25:348][  0]LocalizationService: Localization service is disabled
[2019.05.25-13.27.25:572][  0]LogCook: Display: Max memory allowance for cook 16384mb min free memory 0mb
[2019.05.25-13.27.25:572][  0]LogCook: Display: Mobile HDR setting 1
[2019.05.25-13.27.25:572][  0]LogGameplayTags: Display: UGameplayTagsManager::DoneAddingNativeTags. DelegateIsBound: 0
[2019.05.25-13.27.25:572][  0]LogStats: UGameplayTagsManager::ConstructGameplayTagTree: ImportINI prefixes -  0.000 s
[2019.05.25-13.27.25:572][  0]LogStats: UGameplayTagsManager::ConstructGameplayTagTree: Construct from data asset -  0.000 s
[2019.05.25-13.27.25:573][  0]LogStats: UGameplayTagsManager::ConstructGameplayTagTree: ImportINI -  0.000 s
[2019.05.25-13.27.25:573][  0]LogStats: UGameplayTagsManager::ConstructGameplayTagTree: GameplayTagTreeChangedEvent.Broadcast -  0.000 s
[2019.05.25-13.27.25:662][  0]LogFileCache: Scanning file cache for directory 'N:/Unreal Projects/MyProject/Content/' took 0.02s
[2019.05.25-13.27.25:662][  0]SourceControl: Source control is disabled
[2019.05.25-13.27.25:662][  0]Cmd: MAP LOAD FILE="N:/Unreal Projects/MyProject/Content/VirtualRealityBP/Maps/StartupMap.umap" TEMPLATE=0 SHOWPROGRESS=1 FEATURELEVEL=3
[2019.05.25-13.27.25:663][  0]LightingResults: New page: Lighting Build
[2019.05.25-13.27.25:665][  0]MapCheck: New page: Map Check
[2019.05.25-13.27.25:665][  0]LightingResults: New page: Lighting Build
[2019.05.25-13.27.26:039][  0]LogAIModule: Creating AISystem for world StartupMap
[2019.05.25-13.27.26:045][  0]LogEditorServer: Finished looking for orphan Actors (0.000 secs)
[2019.05.25-13.27.26:062][  0]Cmd: MAP CHECKDEP NOCLEARLOG
[2019.05.25-13.27.26:106][  0]MapCheck: Map check complete: 0 Error(s), 0 Warning(s), took 44.03ms to complete.
[2019.05.25-13.27.26:107][  0]LogFileHelpers: Loading map 'StartupMap' took 0.445
[2019.05.25-13.27.26:188][  0]LogWindowsTextInputMethodSystem: Display: IME system now deactivated.
[2019.05.25-13.27.26:235][  0]LogSlate: Updating window title bar state: overlay mode, drag disabled, window buttons hidden, title bar hidden
[2019.05.25-13.27.26:242][  0]LogSlate: Updating window title bar state: overlay mode, drag disabled, window buttons hidden, title bar hidden
[2019.05.25-13.27.26:248][  0]LogSlate: Updating window title bar state: overlay mode, drag disabled, window buttons hidden, title bar hidden
[2019.05.25-13.27.26:254][  0]LogSlate: Updating window title bar state: overlay mode, drag disabled, window buttons hidden, title bar hidden
[2019.05.25-13.27.26:262][  0]LogCollectionManager: Loaded 0 collections in 0.003832 seconds
[2019.05.25-13.27.26:317][  0]LogFileCache: Scanning file cache for directory 'N:/Unreal Projects/MyProject/Saved/Collections/' took 0.01s
[2019.05.25-13.27.26:317][  0]LogFileCache: Scanning file cache for directory 'N:/Unreal Projects/MyProject/Content/Developers/up877487/Collections/' took 0.01s
[2019.05.25-13.27.26:317][  0]LogFileCache: Scanning file cache for directory 'N:/Unreal Projects/MyProject/Content/Collections/' took 0.01s
[2019.05.25-13.27.26:317][  0]LogCollectionManager: Rebuilt the GUID cache for 0 collections in 0.000001 seconds
[2019.05.25-13.27.26:334][  0]LogContentBrowser: Native class hierarchy populated in 0.0170 seconds. Added 2572 classes and 603 folders.
[2019.05.25-13.27.26:342][  0]LogContentBrowser: Native class hierarchy updated for 'WidgetCarousel' in 0.0003 seconds. Added 0 classes and 0 folders.
[2019.05.25-13.27.26:380][  0]LogContentBrowser: Native class hierarchy updated for 'AddContentDialog' in 0.0002 seconds. Added 0 classes and 0 folders.
[2019.05.25-13.27.26:384][  0]LogContentBrowser: Native class hierarchy updated for 'SceneOutliner' in 0.0002 seconds. Added 1 classes and 2 folders.
[2019.05.25-13.27.26:419][  0]LogSlate: Took 0.000176 seconds to synchronously load lazily loaded font '../../../Engine/Content/Slate/Fonts/Roboto-Regular.ttf' (155K)
[2019.05.25-13.27.26:421][  0]LogSlate: Took 0.000145 seconds to synchronously load lazily loaded font '../../../Engine/Content/Slate/Fonts/Roboto-Bold.ttf' (160K)
[2019.05.25-13.27.26:425][  0]LogSlate: Took 0.000153 seconds to synchronously load lazily loaded font '../../../Engine/Content/Editor/Slate/Fonts/FontAwesome.ttf' (139K)
[2019.05.25-13.27.26:487][  0]LogRenderer: Reallocating scene render targets to support 1208x576 Format 26 NumSamples 1 (Frame:1).
[2019.05.25-13.27.26:606][  0]LogContentBrowser: Native class hierarchy updated for 'HierarchicalLODOutliner' in 0.0002 seconds. Added 0 classes and 0 folders.
[2019.05.25-13.27.26:606][  0]LogLoad: (Engine Initialization) Total time: 9.59 seconds
[2019.05.25-13.27.26:606][  0]LogLoad: (Engine Initialization) Total Blueprint compile time: 0.00 seconds
[2019.05.25-13.27.26:616][  0]LogOcInput: OculusInput is initialized
[2019.05.25-13.27.26:635][  0]LogAssetRegistry: Asset discovery search completed in 4.2895 seconds
[2019.05.25-13.27.26:636][  0]LogCollectionManager: Rebuilt the object cache for 0 collections in 0.000000 seconds (found 0 objects)
[2019.05.25-13.27.26:636][  0]LogCollectionManager: Fixed up redirectors for 0 collections in 0.000042 seconds (updated 0 objects)
[2019.05.25-13.27.26:637][  0]LogContentStreaming: Texture pool size now 1000 MB
[2019.05.25-13.27.26:782][  0]LogSlate: Took 0.000129 seconds to synchronously load lazily loaded font '../../../Engine/Content/Slate/Fonts/Roboto-Light.ttf' (167K)
[2019.05.25-13.27.38:553][406]LogSlate: FSceneViewport::OnFocusLost() reason 0
[2019.05.25-13.28.17:557][ 66]LogSlate: Took 0.000177 seconds to synchronously load lazily loaded font '../../../Engine/Content/Slate/Fonts/Roboto-Light.ttf' (167K)
[2019.05.25-13.28.17:565][ 66]Cmd: OBJ SAVEPACKAGE PACKAGE="/Game/VirtualRealityBP/Maps/StartupMap" FILE="N:/Unreal Projects/MyProject/Content/VirtualRealityBP/Maps/StartupMap.umap" SILENT=true AUTOSAVING=false KEEPDIRTY=false
[2019.05.25-13.28.18:918][ 66]LogSavePackage: Moving 'N:/Unreal Projects/MyProject/Saved/StartupMapB216D2A44EC24B36AC10CCADD64C47A7.tmp' to 'N:/Unreal Projects/MyProject/Content/VirtualRealityBP/Maps/StartupMap.umap'
[2019.05.25-13.28.18:969][ 66]Cmd: OBJ SAVEPACKAGE PACKAGE="/Game/VirtualRealityBP/Maps/StartupMap_BuiltData" FILE="N:/Unreal Projects/MyProject/Content/VirtualRealityBP/Maps/StartupMap_BuiltData.uasset" SILENT=true
[2019.05.25-13.28.19:132][ 66]LogSavePackage: Moving 'N:/Unreal Projects/MyProject/Saved/StartupMap_BuiltDataAEA3B86F47369C4374C2508FB81D7232.tmp' to 'N:/Unreal Projects/MyProject/Content/VirtualRealityBP/Maps/StartupMap_BuiltData.uasset'
[2019.05.25-13.28.52:693][364]Cmd: OBJ SAVEPACKAGE PACKAGE="/Game/VirtualRealityBP/Maps/StartupMap" FILE="N:/Unreal Projects/MyProject/Content/VirtualRealityBP/Maps/StartupMap.umap" SILENT=true AUTOSAVING=false KEEPDIRTY=false
[2019.05.25-13.28.54:265][364]LogSavePackage: Moving 'N:/Unreal Projects/MyProject/Saved/StartupMapDEB6D68F4DDC1B5582D208A23B29E221.tmp' to 'N:/Unreal Projects/MyProject/Content/VirtualRealityBP/Maps/StartupMap.umap'
[2019.05.25-13.28.54:324][364]Cmd: OBJ SAVEPACKAGE PACKAGE="/Game/VirtualRealityBP/Maps/StartupMap_BuiltData" FILE="N:/Unreal Projects/MyProject/Content/VirtualRealityBP/Maps/StartupMap_BuiltData.uasset" SILENT=true
[2019.05.25-13.28.54:532][364]LogSavePackage: Moving 'N:/Unreal Projects/MyProject/Saved/StartupMap_BuiltData76832458454BD688B024D58EE13EEF7F.tmp' to 'N:/Unreal Projects/MyProject/Content/VirtualRealityBP/Maps/StartupMap_BuiltData.uasset'
[2019.05.25-13.31.04:226][  3]LogAIModule: Creating AISystem for world MotionControllerMap
[2019.05.25-13.31.04:237][  3]LogAssetEditorManager: Opening Asset editor for World /Game/VirtualRealityBP/Maps/MotionControllerMap.MotionControllerMap
[2019.05.25-13.31.04:259][  3]Cmd: MAP LOAD FILE="N:/Unreal Projects/MyProject/Content/VirtualRealityBP/Maps/MotionControllerMap.umap" TEMPLATE=0 SHOWPROGRESS=1 FEATURELEVEL=3
[2019.05.25-13.31.04:259][  3]LightingResults: New page: Lighting Build
[2019.05.25-13.31.04:260][  3]LoadErrors: New page: Loading map: MotionControllerMap.umap
[2019.05.25-13.31.04:260][  3]MapCheck: New page: Map Check
[2019.05.25-13.31.04:260][  3]LightingResults: New page: Lighting Build
[2019.05.25-13.31.04:327][  3]LogEditorServer: Finished looking for orphan Actors (0.000 secs)
[2019.05.25-13.31.04:367][  3]Cmd: MAP CHECKDEP NOCLEARLOG
[2019.05.25-13.31.04:434][  3]MapCheck: Map check complete: 0 Error(s), 0 Warning(s), took 67.103ms to complete.
[2019.05.25-13.31.04:434][  3]LogFileHelpers: Loading map 'MotionControllerMap' took 0.176
[2019.05.25-13.31.18:825][715]LogBlueprintUserMessages: Early PlayInEditor Detection: Level '/Game/VirtualRealityBP/Maps/MotionControllerMap.MotionControllerMap:PersistentLevel' has LevelScriptBlueprint '/Game/VirtualRealityBP/Maps/MotionControllerMap.MotionControllerMap:PersistentLevel.MotionControllerMap' with GeneratedClass '/Game/VirtualRealityBP/Maps/MotionControllerMap.MotionControllerMap_C' with ClassGeneratedBy '/Game/VirtualRealityBP/Maps/MotionControllerMap.MotionControllerMap:PersistentLevel.MotionControllerMap'
[2019.05.25-13.31.18:825][715]LogPlayLevel: PlayLevel: No blueprints needed recompiling
[2019.05.25-13.31.18:825][715]LogHMD: Initializing OVRPlugin session
[2019.05.25-13.31.18:932][715]PIE: New page: PIE session: MotionControllerMap (25 May 2019 15:31:18)
[2019.05.25-13.31.18:932][715]LogPlayLevel: Creating play world package: /Game/VirtualRealityBP/Maps/UEDPIE_0_MotionControllerMap
[2019.05.25-13.31.18:941][715]LogPlayLevel: PIE: StaticDuplicateObject took: (0.008971s)
[2019.05.25-13.31.18:941][715]LogAIModule: Creating AISystem for world MotionControllerMap
[2019.05.25-13.31.18:941][715]LogPlayLevel: PIE: World Init took: (0.000519s)
[2019.05.25-13.31.18:941][715]LogPlayLevel: PIE: Created PIE world by copying editor world from /Game/VirtualRealityBP/Maps/MotionControllerMap.MotionControllerMap to /Game/VirtualRealityBP/Maps/UEDPIE_0_MotionControllerMap.MotionControllerMap (0.009615s)
[2019.05.25-13.31.18:966][715]LogInit: XAudio2 using 'Headphones (3- Rift Audio)' : 2 channels at 48 kHz using 16 bits per sample (channel mask 0x3)
[2019.05.25-13.31.18:974][715]LogInit: FAudioDevice initialized.
[2019.05.25-13.31.18:980][715]LogSlate: Updating window title bar state: overlay mode, drag disabled, window buttons hidden, title bar hidden
[2019.05.25-13.31.19:049][715]LogHMD: Allocating Oculus 2720 x 1600 rendertarget swapchain
[2019.05.25-13.31.19:086][715]LogUObjectGlobals: Warning: Failed to find object 'Class None.'
[2019.05.25-13.31.19:086][715]LogLoad: Game class is 'GameModeBase'
[2019.05.25-13.31.19:090][715]LogWorld: Bringing World /Game/VirtualRealityBP/Maps/UEDPIE_0_MotionControllerMap.MotionControllerMap up for play (max tick rate 0) at 2019.05.25-14.31.19
[2019.05.25-13.31.19:090][715]LogWorld: Bringing up level for play took: 0.002063
[2019.05.25-13.31.19:106][715]LogContentBrowser: Native class hierarchy updated for 'MovieSceneCapture' in 0.0011 seconds. Added 10 classes and 0 folders.
[2019.05.25-13.31.19:112][715]PIE: Play in editor start time for /Game/VirtualRealityBP/Maps/UEDPIE_0_MotionControllerMap 0.754
[2019.05.25-13.31.19:112][715]LogBlueprintUserMessages: Late PlayInEditor Detection: Level '/Game/VirtualRealityBP/Maps/MotionControllerMap.MotionControllerMap:PersistentLevel' has LevelScriptBlueprint '/Game/VirtualRealityBP/Maps/MotionControllerMap.MotionControllerMap:PersistentLevel.MotionControllerMap' with GeneratedClass '/Game/VirtualRealityBP/Maps/MotionControllerMap.MotionControllerMap_C' with ClassGeneratedBy '/Game/VirtualRealityBP/Maps/MotionControllerMap.MotionControllerMap:PersistentLevel.MotionControllerMap'
[2019.05.25-13.31.19:113][715]LogEngine: Changing dynamic resolution state.
[2019.05.25-13.31.19:117][715]LogRenderer: Releasing previous depth to switch default clear from depth: 0.000000 stencil: 0 to depth: 0.000000 stencil: 0
[2019.05.25-13.31.19:118][715]LogRenderer: Releasing previous depth to switch default clear from depth: 0.000000 stencil: 0 to depth: 0.000000 stencil: 0
[2019.05.25-13.31.19:119][715]LogRenderer: Releasing previous depth to switch default clear from depth: 0.000000 stencil: 0 to depth: 0.000000 stencil: 0
[2019.05.25-13.31.19:119][715]LogRenderer: Releasing previous depth to switch default clear from depth: 0.000000 stencil: 0 to depth: 0.000000 stencil: 0
[2019.05.25-13.31.19:120][715]LogRenderer: Releasing previous depth to switch default clear from depth: 0.000000 stencil: 0 to depth: 0.000000 stencil: 0
[2019.05.25-13.31.19:120][715]LogRenderer: Releasing previous depth to switch default clear from depth: 0.000000 stencil: 0 to depth: 0.000000 stencil: 0
[2019.05.25-13.31.19:126][715]LogRenderer: Reallocating scene render targets to support 2720x1600 Format 26 NumSamples 1 (Frame:1).
[2019.05.25-13.31.19:126][715]LogHMD: Allocating Oculus 2720 x 1600 depth rendertarget swapchain
[2019.05.25-13.37.09:105][404]LogBlueprintUserMessages: Early EndPlayMap Detection: Level '/Game/VirtualRealityBP/Maps/MotionControllerMap.MotionControllerMap:PersistentLevel' has LevelScriptBlueprint '/Game/VirtualRealityBP/Maps/MotionControllerMap.MotionControllerMap:PersistentLevel.MotionControllerMap' with GeneratedClass '/Game/VirtualRealityBP/Maps/MotionControllerMap.MotionControllerMap_C' with ClassGeneratedBy '/Game/VirtualRealityBP/Maps/MotionControllerMap.MotionControllerMap:PersistentLevel.MotionControllerMap'
[2019.05.25-13.37.09:174][404]LogSlate: Updating window title bar state: overlay mode, drag disabled, window buttons hidden, title bar hidden
[2019.05.25-13.37.09:251][404]LogSlate: Window 'MyProject Game Preview Standalone (64-bit/PCD3D_SM5)' being destroyed
[2019.05.25-13.37.09:278][404]LogPlayLevel: Display: Shutting down PIE online subsystems
[2019.05.25-13.37.09:279][404]LogBlueprintUserMessages: Late EndPlayMap Detection: Level '/Game/VirtualRealityBP/Maps/MotionControllerMap.MotionControllerMap:PersistentLevel' has LevelScriptBlueprint '/Game/VirtualRealityBP/Maps/MotionControllerMap.MotionControllerMap:PersistentLevel.MotionControllerMap' with GeneratedClass '/Game/VirtualRealityBP/Maps/MotionControllerMap.MotionControllerMap_C' with ClassGeneratedBy '/Game/VirtualRealityBP/Maps/MotionControllerMap.MotionControllerMap:PersistentLevel.MotionControllerMap'
[2019.05.25-13.37.09:322][405]LogPlayLevel: Display: Destroying online subsystem :Context_1
[2019.05.25-13.37.09:322][405]LogEngine: Changing dynamic resolution state.
[2019.05.25-13.38.31:482][349]LogEditorViewport: Clicking on Actor (LMB): BP_ClimbableCube_C (BP_ClimbableCube10)
[2019.05.25-13.38.36:495][943]LogSlate: FSceneViewport::OnFocusLost() reason 0
[2019.05.25-13.38.54:324][ 28]LogSlate: FSceneViewport::OnFocusLost() reason 0
[2019.05.25-13.38.57:740][438]LogTemp: Repeating last play command: VR Preview
[2019.05.25-13.38.57:757][438]LogBlueprintUserMessages: Early PlayInEditor Detection: Level '/Game/VirtualRealityBP/Maps/MotionControllerMap.MotionControllerMap:PersistentLevel' has LevelScriptBlueprint '/Game/VirtualRealityBP/Maps/MotionControllerMap.MotionControllerMap:PersistentLevel.MotionControllerMap' with GeneratedClass '/Game/VirtualRealityBP/Maps/MotionControllerMap.MotionControllerMap_C' with ClassGeneratedBy '/Game/VirtualRealityBP/Maps/MotionControllerMap.MotionControllerMap:PersistentLevel.MotionControllerMap'
[2019.05.25-13.38.57:757][438]LogPlayLevel: PlayLevel: No blueprints needed recompiling
[2019.05.25-13.38.57:757][438]LogHMD: Initializing OVRPlugin session
[2019.05.25-13.38.57:800][438]PIE: New page: PIE session: MotionControllerMap (25 May 2019 15:38:57)
[2019.05.25-13.38.57:800][438]LogPlayLevel: Creating play world package: /Game/VirtualRealityBP/Maps/UEDPIE_0_MotionControllerMap
[2019.05.25-13.38.57:811][438]LogPlayLevel: PIE: StaticDuplicateObject took: (0.010567s)
[2019.05.25-13.38.57:812][438]LogAIModule: Creating AISystem for world MotionControllerMap
[2019.05.25-13.38.57:812][438]LogPlayLevel: PIE: World Init took: (0.000735s)
[2019.05.25-13.38.57:812][438]LogPlayLevel: PIE: Created PIE world by copying editor world from /Game/VirtualRealityBP/Maps/MotionControllerMap.MotionControllerMap to /Game/VirtualRealityBP/Maps/UEDPIE_0_MotionControllerMap.MotionControllerMap (0.011441s)
[2019.05.25-13.38.57:849][438]LogInit: XAudio2 using 'Headphones (3- Rift Audio)' : 2 channels at 48 kHz using 16 bits per sample (channel mask 0x3)
[2019.05.25-13.38.57:860][438]LogInit: FAudioDevice initialized.
[2019.05.25-13.38.57:867][438]LogSlate: Updating window title bar state: overlay mode, drag disabled, window buttons hidden, title bar hidden
[2019.05.25-13.38.57:944][438]LogHMD: Allocating Oculus 2720 x 1600 rendertarget swapchain
[2019.05.25-13.38.57:970][438]LogUObjectGlobals: Warning: Failed to find object 'Class None.'
[2019.05.25-13.38.57:970][438]LogLoad: Game class is 'GameModeBase'
[2019.05.25-13.38.57:972][438]LogWorld: Bringing World /Game/VirtualRealityBP/Maps/UEDPIE_0_MotionControllerMap.MotionControllerMap up for play (max tick rate 0) at 2019.05.25-14.38.57
[2019.05.25-13.38.57:972][438]LogWorld: Bringing up level for play took: 0.001934
[2019.05.25-13.38.57:989][438]PIE: Play in editor start time for /Game/VirtualRealityBP/Maps/UEDPIE_0_MotionControllerMap -0.363
[2019.05.25-13.38.57:990][438]LogBlueprintUserMessages: Late PlayInEditor Detection: Level '/Game/VirtualRealityBP/Maps/MotionControllerMap.MotionControllerMap:PersistentLevel' has LevelScriptBlueprint '/Game/VirtualRealityBP/Maps/MotionControllerMap.MotionControllerMap:PersistentLevel.MotionControllerMap' with GeneratedClass '/Game/VirtualRealityBP/Maps/MotionControllerMap.MotionControllerMap_C' with ClassGeneratedBy '/Game/VirtualRealityBP/Maps/MotionControllerMap.MotionControllerMap:PersistentLevel.MotionControllerMap'
[2019.05.25-13.38.57:990][438]LogEngine: Changing dynamic resolution state.
[2019.05.25-13.38.57:993][438]LogRenderer: Releasing previous depth to switch default clear from depth: 0.000000 stencil: 0 to depth: 0.000000 stencil: 0
[2019.05.25-13.38.57:993][438]LogHMD: Allocating Oculus 2720 x 1600 depth rendertarget swapchain
[2019.05.25-13.39.37:465][929]LogBlueprintUserMessages: Early EndPlayMap Detection: Level '/Game/VirtualRealityBP/Maps/MotionControllerMap.MotionControllerMap:PersistentLevel' has LevelScriptBlueprint '/Game/VirtualRealityBP/Maps/MotionControllerMap.MotionControllerMap:PersistentLevel.MotionControllerMap' with GeneratedClass '/Game/VirtualRealityBP/Maps/MotionControllerMap.MotionControllerMap_C' with ClassGeneratedBy '/Game/VirtualRealityBP/Maps/MotionControllerMap.MotionControllerMap:PersistentLevel.MotionControllerMap'
[2019.05.25-13.39.37:542][929]LogSlate: Updating window title bar state: overlay mode, drag disabled, window buttons hidden, title bar hidden
[2019.05.25-13.39.37:602][929]LogSlate: Window 'MyProject Game Preview Standalone (64-bit/PCD3D_SM5)' being destroyed
[2019.05.25-13.39.37:630][929]LogPlayLevel: Display: Shutting down PIE online subsystems
[2019.05.25-13.39.37:630][929]LogBlueprintUserMessages: Late EndPlayMap Detection: Level '/Game/VirtualRealityBP/Maps/MotionControllerMap.MotionControllerMap:PersistentLevel' has LevelScriptBlueprint '/Game/VirtualRealityBP/Maps/MotionControllerMap.MotionControllerMap:PersistentLevel.MotionControllerMap' with GeneratedClass '/Game/VirtualRealityBP/Maps/MotionControllerMap.MotionControllerMap_C' with ClassGeneratedBy '/Game/VirtualRealityBP/Maps/MotionControllerMap.MotionControllerMap:PersistentLevel.MotionControllerMap'
[2019.05.25-13.39.37:672][930]LogPlayLevel: Display: Destroying online subsystem :Context_2
[2019.05.25-13.39.37:673][930]LogEngine: Changing dynamic resolution state.
[2019.05.25-13.39.43:586][246]LogTemp: Repeating last play command: VR Preview
[2019.05.25-13.39.43:600][246]LogBlueprintUserMessages: Early PlayInEditor Detection: Level '/Game/VirtualRealityBP/Maps/MotionControllerMap.MotionControllerMap:PersistentLevel' has LevelScriptBlueprint '/Game/VirtualRealityBP/Maps/MotionControllerMap.MotionControllerMap:PersistentLevel.MotionControllerMap' with GeneratedClass '/Game/VirtualRealityBP/Maps/MotionControllerMap.MotionControllerMap_C' with ClassGeneratedBy '/Game/VirtualRealityBP/Maps/MotionControllerMap.MotionControllerMap:PersistentLevel.MotionControllerMap'
[2019.05.25-13.39.43:600][246]LogPlayLevel: PlayLevel: No blueprints needed recompiling
[2019.05.25-13.39.43:600][246]LogHMD: Initializing OVRPlugin session
[2019.05.25-13.39.43:656][246]PIE: New page: PIE session: MotionControllerMap (25 May 2019 15:39:43)
[2019.05.25-13.39.43:656][246]LogPlayLevel: Creating play world package: /Game/VirtualRealityBP/Maps/UEDPIE_0_MotionControllerMap
[2019.05.25-13.39.43:670][246]LogPlayLevel: PIE: StaticDuplicateObject took: (0.013293s)
[2019.05.25-13.39.43:670][246]LogAIModule: Creating AISystem for world MotionControllerMap
[2019.05.25-13.39.43:670][246]LogPlayLevel: PIE: World Init took: (0.000530s)
[2019.05.25-13.39.43:670][246]LogPlayLevel: PIE: Created PIE world by copying editor world from /Game/VirtualRealityBP/Maps/MotionControllerMap.MotionControllerMap to /Game/VirtualRealityBP/Maps/UEDPIE_0_MotionControllerMap.MotionControllerMap (0.013953s)
[2019.05.25-13.39.43:694][246]LogInit: XAudio2 using 'Headphones (3- Rift Audio)' : 2 channels at 48 kHz using 16 bits per sample (channel mask 0x3)
[2019.05.25-13.39.43:703][246]LogInit: FAudioDevice initialized.
[2019.05.25-13.39.43:708][246]LogSlate: Updating window title bar state: overlay mode, drag disabled, window buttons hidden, title bar hidden
[2019.05.25-13.39.43:777][246]LogHMD: Allocating Oculus 2720 x 1600 rendertarget swapchain
[2019.05.25-13.39.43:804][246]LogUObjectGlobals: Warning: Failed to find object 'Class None.'
[2019.05.25-13.39.43:804][246]LogLoad: Game class is 'GameModeBase'
[2019.05.25-13.39.43:807][246]LogWorld: Bringing World /Game/VirtualRealityBP/Maps/UEDPIE_0_MotionControllerMap.MotionControllerMap up for play (max tick rate 0) at 2019.05.25-14.39.43
[2019.05.25-13.39.43:807][246]LogWorld: Bringing up level for play took: 0.002411
[2019.05.25-13.39.43:824][246]PIE: Play in editor start time for /Game/VirtualRealityBP/Maps/UEDPIE_0_MotionControllerMap -0.526
[2019.05.25-13.39.43:825][246]LogBlueprintUserMessages: Late PlayInEditor Detection: Level '/Game/VirtualRealityBP/Maps/MotionControllerMap.MotionControllerMap:PersistentLevel' has LevelScriptBlueprint '/Game/VirtualRealityBP/Maps/MotionControllerMap.MotionControllerMap:PersistentLevel.MotionControllerMap' with GeneratedClass '/Game/VirtualRealityBP/Maps/MotionControllerMap.MotionControllerMap_C' with ClassGeneratedBy '/Game/VirtualRealityBP/Maps/MotionControllerMap.MotionControllerMap:PersistentLevel.MotionControllerMap'
[2019.05.25-13.39.43:826][246]LogEngine: Changing dynamic resolution state.
[2019.05.25-13.39.43:828][246]LogRenderer: Releasing previous depth to switch default clear from depth: 0.000000 stencil: 0 to depth: 0.000000 stencil: 0
[2019.05.25-13.39.43:828][246]LogHMD: Allocating Oculus 2720 x 1600 depth rendertarget swapchain
[2019.05.25-13.39.54:125][666]LogSlate: FSceneViewport::OnFocusLost() reason 2
[2019.05.25-13.39.54:144][666]LogSlate: Window 'MyProject Game Preview Standalone (64-bit/PCD3D_SM5)' being destroyed
[2019.05.25-13.39.54:153][666]LogBlueprintUserMessages: Early EndPlayMap Detection: Level '/Game/VirtualRealityBP/Maps/MotionControllerMap.MotionControllerMap:PersistentLevel' has LevelScriptBlueprint '/Game/VirtualRealityBP/Maps/MotionControllerMap.MotionControllerMap:PersistentLevel.MotionControllerMap' with GeneratedClass '/Game/VirtualRealityBP/Maps/MotionControllerMap.MotionControllerMap_C' with ClassGeneratedBy '/Game/VirtualRealityBP/Maps/MotionControllerMap.MotionControllerMap:PersistentLevel.MotionControllerMap'
[2019.05.25-13.39.54:189][666]LogPlayLevel: Display: Shutting down PIE online subsystems
[2019.05.25-13.39.54:189][666]LogBlueprintUserMessages: Late EndPlayMap Detection: Level '/Game/VirtualRealityBP/Maps/MotionControllerMap.MotionControllerMap:PersistentLevel' has LevelScriptBlueprint '/Game/VirtualRealityBP/Maps/MotionControllerMap.MotionControllerMap:PersistentLevel.MotionControllerMap' with GeneratedClass '/Game/VirtualRealityBP/Maps/MotionControllerMap.MotionControllerMap_C' with ClassGeneratedBy '/Game/VirtualRealityBP/Maps/MotionControllerMap.MotionControllerMap:PersistentLevel.MotionControllerMap'
[2019.05.25-13.39.54:232][667]LogPlayLevel: Display: Destroying online subsystem :Context_3
[2019.05.25-13.39.58:779][ 16]LogTemp: Repeating last play command: VR Preview
[2019.05.25-13.39.58:793][ 16]LogBlueprintUserMessages: Early PlayInEditor Detection: Level '/Game/VirtualRealityBP/Maps/MotionControllerMap.MotionControllerMap:PersistentLevel' has LevelScriptBlueprint '/Game/VirtualRealityBP/Maps/MotionControllerMap.MotionControllerMap:PersistentLevel.MotionControllerMap' with GeneratedClass '/Game/VirtualRealityBP/Maps/MotionControllerMap.MotionControllerMap_C' with ClassGeneratedBy '/Game/VirtualRealityBP/Maps/MotionControllerMap.MotionControllerMap:PersistentLevel.MotionControllerMap'
[2019.05.25-13.39.58:793][ 16]LogPlayLevel: PlayLevel: No blueprints needed recompiling
[2019.05.25-13.39.58:793][ 16]LogHMD: Initializing OVRPlugin session
[2019.05.25-13.39.58:836][ 16]PIE: New page: PIE session: MotionControllerMap (25 May 2019 15:39:58)
[2019.05.25-13.39.58:836][ 16]LogPlayLevel: Creating play world package: /Game/VirtualRealityBP/Maps/UEDPIE_0_MotionControllerMap
[2019.05.25-13.39.58:847][ 16]LogPlayLevel: PIE: StaticDuplicateObject took: (0.010334s)
[2019.05.25-13.39.58:847][ 16]LogAIModule: Creating AISystem for world MotionControllerMap
[2019.05.25-13.39.58:847][ 16]LogPlayLevel: PIE: World Init took: (0.000665s)
[2019.05.25-13.39.58:847][ 16]LogPlayLevel: PIE: Created PIE world by copying editor world from /Game/VirtualRealityBP/Maps/MotionControllerMap.MotionControllerMap to /Game/VirtualRealityBP/Maps/UEDPIE_0_MotionControllerMap.MotionControllerMap (0.011167s)
[2019.05.25-13.39.58:871][ 16]LogInit: XAudio2 using 'Headphones (3- Rift Audio)' : 2 channels at 48 kHz using 16 bits per sample (channel mask 0x3)
[2019.05.25-13.39.58:878][ 16]LogInit: FAudioDevice initialized.
[2019.05.25-13.39.58:885][ 16]LogSlate: Updating window title bar state: overlay mode, drag disabled, window buttons hidden, title bar hidden
[2019.05.25-13.39.58:924][ 16]LogHMD: Allocating Oculus 2720 x 1600 rendertarget swapchain
[2019.05.25-13.39.58:951][ 16]LogUObjectGlobals: Warning: Failed to find object 'Class None.'
[2019.05.25-13.39.58:951][ 16]LogLoad: Game class is 'GameModeBase'
[2019.05.25-13.39.58:954][ 16]LogWorld: Bringing World /Game/VirtualRealityBP/Maps/UEDPIE_0_MotionControllerMap.MotionControllerMap up for play (max tick rate 0) at 2019.05.25-14.39.58
[2019.05.25-13.39.58:954][ 16]LogWorld: Bringing up level for play took: 0.002215
[2019.05.25-13.39.58:971][ 16]PIE: Play in editor start time for /Game/VirtualRealityBP/Maps/UEDPIE_0_MotionControllerMap 0.621
[2019.05.25-13.39.58:972][ 16]LogBlueprintUserMessages: Late PlayInEditor Detection: Level '/Game/VirtualRealityBP/Maps/MotionControllerMap.MotionControllerMap:PersistentLevel' has LevelScriptBlueprint '/Game/VirtualRealityBP/Maps/MotionControllerMap.MotionControllerMap:PersistentLevel.MotionControllerMap' with GeneratedClass '/Game/VirtualRealityBP/Maps/MotionControllerMap.MotionControllerMap_C' with ClassGeneratedBy '/Game/VirtualRealityBP/Maps/MotionControllerMap.MotionControllerMap:PersistentLevel.MotionControllerMap'
[2019.05.25-13.39.59:077][ 17]LogEngine: Changing dynamic resolution state.
[2019.05.25-13.40.05:488][537]LogBlueprintUserMessages: Early EndPlayMap Detection: Level '/Game/VirtualRealityBP/Maps/MotionControllerMap.MotionControllerMap:PersistentLevel' has LevelScriptBlueprint '/Game/VirtualRealityBP/Maps/MotionControllerMap.MotionControllerMap:PersistentLevel.MotionControllerMap' with GeneratedClass '/Game/VirtualRealityBP/Maps/MotionControllerMap.MotionControllerMap_C' with ClassGeneratedBy '/Game/VirtualRealityBP/Maps/MotionControllerMap.MotionControllerMap:PersistentLevel.MotionControllerMap'
[2019.05.25-13.40.05:488][537]LogSlate: Updating window title bar state: overlay mode, drag disabled, window buttons hidden, title bar hidden
[2019.05.25-13.40.05:524][537]LogSlate: Window 'MyProject Game Preview Standalone (64-bit/PCD3D_SM5)' being destroyed
[2019.05.25-13.40.05:555][537]LogPlayLevel: Display: Shutting down PIE online subsystems
[2019.05.25-13.40.05:555][537]LogBlueprintUserMessages: Late EndPlayMap Detection: Level '/Game/VirtualRealityBP/Maps/MotionControllerMap.MotionControllerMap:PersistentLevel' has LevelScriptBlueprint '/Game/VirtualRealityBP/Maps/MotionControllerMap.MotionControllerMap:PersistentLevel.MotionControllerMap' with GeneratedClass '/Game/VirtualRealityBP/Maps/MotionControllerMap.MotionControllerMap_C' with ClassGeneratedBy '/Game/VirtualRealityBP/Maps/MotionControllerMap.MotionControllerMap:PersistentLevel.MotionControllerMap'
[2019.05.25-13.40.05:593][538]LogPlayLevel: Display: Destroying online subsystem :Context_4
[2019.05.25-13.40.15:509][725]LogTemp: Repeating last play command: VR Preview
[2019.05.25-13.40.15:528][725]LogBlueprintUserMessages: Early PlayInEditor Detection: Level '/Game/VirtualRealityBP/Maps/MotionControllerMap.MotionControllerMap:PersistentLevel' has LevelScriptBlueprint '/Game/VirtualRealityBP/Maps/MotionControllerMap.MotionControllerMap:PersistentLevel.MotionControllerMap' with GeneratedClass '/Game/VirtualRealityBP/Maps/MotionControllerMap.MotionControllerMap_C' with ClassGeneratedBy '/Game/VirtualRealityBP/Maps/MotionControllerMap.MotionControllerMap:PersistentLevel.MotionControllerMap'
[2019.05.25-13.40.15:528][725]LogPlayLevel: PlayLevel: No blueprints needed recompiling
[2019.05.25-13.40.15:528][725]LogHMD: Initializing OVRPlugin session
[2019.05.25-13.40.15:570][725]PIE: New page: PIE session: MotionControllerMap (25 May 2019 15:40:15)
[2019.05.25-13.40.15:570][725]LogPlayLevel: Creating play world package: /Game/VirtualRealityBP/Maps/UEDPIE_0_MotionControllerMap
[2019.05.25-13.40.15:579][725]LogPlayLevel: PIE: StaticDuplicateObject took: (0.008867s)
[2019.05.25-13.40.15:580][725]LogAIModule: Creating AISystem for world MotionControllerMap
[2019.05.25-13.40.15:580][725]LogPlayLevel: PIE: World Init took: (0.000522s)
[2019.05.25-13.40.15:580][725]LogPlayLevel: PIE: Created PIE world by copying editor world from /Game/VirtualRealityBP/Maps/MotionControllerMap.MotionControllerMap to /Game/VirtualRealityBP/Maps/UEDPIE_0_MotionControllerMap.MotionControllerMap (0.009508s)
[2019.05.25-13.40.15:604][725]LogInit: XAudio2 using 'Headphones (3- Rift Audio)' : 2 channels at 48 kHz using 16 bits per sample (channel mask 0x3)
[2019.05.25-13.40.15:611][725]LogInit: FAudioDevice initialized.
[2019.05.25-13.40.15:618][725]LogSlate: Updating window title bar state: overlay mode, drag disabled, window buttons hidden, title bar hidden
[2019.05.25-13.40.15:692][725]LogHMD: Allocating Oculus 2720 x 1600 rendertarget swapchain
[2019.05.25-13.40.15:721][725]LogUObjectGlobals: Warning: Failed to find object 'Class None.'
[2019.05.25-13.40.15:721][725]LogLoad: Game class is 'GameModeBase'
[2019.05.25-13.40.15:728][725]LogWorld: Bringing World /Game/VirtualRealityBP/Maps/UEDPIE_0_MotionControllerMap.MotionControllerMap up for play (max tick rate 0) at 2019.05.25-14.40.15
[2019.05.25-13.40.15:729][725]LogWorld: Bringing up level for play took: 0.006168
[2019.05.25-13.40.15:753][725]PIE: Play in editor start time for /Game/VirtualRealityBP/Maps/UEDPIE_0_MotionControllerMap -0.597
[2019.05.25-13.40.15:754][725]LogBlueprintUserMessages: Late PlayInEditor Detection: Level '/Game/VirtualRealityBP/Maps/MotionControllerMap.MotionControllerMap:PersistentLevel' has LevelScriptBlueprint '/Game/VirtualRealityBP/Maps/MotionControllerMap.MotionControllerMap:PersistentLevel.MotionControllerMap' with GeneratedClass '/Game/VirtualRealityBP/Maps/MotionControllerMap.MotionControllerMap_C' with ClassGeneratedBy '/Game/VirtualRealityBP/Maps/MotionControllerMap.MotionControllerMap:PersistentLevel.MotionControllerMap'
[2019.05.25-13.40.15:755][725]LogEngine: Changing dynamic resolution state.
[2019.05.25-13.40.15:761][725]LogRenderer: Releasing previous depth to switch default clear from depth: 0.000000 stencil: 0 to depth: 0.000000 stencil: 0
[2019.05.25-13.40.15:761][725]LogHMD: Allocating Oculus 2720 x 1600 depth rendertarget swapchain
[2019.05.25-13.41.41:320][496]LogBlueprintUserMessages: Early EndPlayMap Detection: Level '/Game/VirtualRealityBP/Maps/MotionControllerMap.MotionControllerMap:PersistentLevel' has LevelScriptBlueprint '/Game/VirtualRealityBP/Maps/MotionControllerMap.MotionControllerMap:PersistentLevel.MotionControllerMap' with GeneratedClass '/Game/VirtualRealityBP/Maps/MotionControllerMap.MotionControllerMap_C' with ClassGeneratedBy '/Game/VirtualRealityBP/Maps/MotionControllerMap.MotionControllerMap:PersistentLevel.MotionControllerMap'
[2019.05.25-13.41.41:387][496]LogSlate: Updating window title bar state: overlay mode, drag disabled, window buttons hidden, title bar hidden
[2019.05.25-13.41.41:431][496]LogSlate: Window 'MyProject Game Preview Standalone (64-bit/PCD3D_SM5)' being destroyed
[2019.05.25-13.41.41:460][496]LogPlayLevel: Display: Shutting down PIE online subsystems
[2019.05.25-13.41.41:460][496]LogBlueprintUserMessages: Late EndPlayMap Detection: Level '/Game/VirtualRealityBP/Maps/MotionControllerMap.MotionControllerMap:PersistentLevel' has LevelScriptBlueprint '/Game/VirtualRealityBP/Maps/MotionControllerMap.MotionControllerMap:PersistentLevel.MotionControllerMap' with GeneratedClass '/Game/VirtualRealityBP/Maps/MotionControllerMap.MotionControllerMap_C' with ClassGeneratedBy '/Game/VirtualRealityBP/Maps/MotionControllerMap.MotionControllerMap:PersistentLevel.MotionControllerMap'
[2019.05.25-13.41.41:503][497]LogPlayLevel: Display: Destroying online subsystem :Context_5
[2019.05.25-13.41.41:504][497]LogEngine: Changing dynamic resolution state.
[2019.05.25-13.41.51:566][697]Cmd: TRANSACTION UNDO
[2019.05.25-13.41.51:566][697]LogEditorTransaction: Undo Clicking on Actors
[2019.05.25-13.41.55:799][194]Cmd: TRANSACTION UNDO
[2019.05.25-13.41.55:799][194]LogEditorTransaction: Undo Move Actors
[2019.05.25-13.42.08:166][621]LogEditorViewport: Clicking on Actor (LMB): BP_Sky_Sphere_C (SkySphereBlueprint)
[2019.05.25-13.42.10:340][872]LogEditorViewport: Clicking on Actor (LMB): BP_ClimbableCube_C (BP_ClimbableCube2)
[2019.05.25-13.42.13:436][237]LogEditorViewport: Clicking on Actor (LMB): BP_ClimbableCube_C (BP_ClimbableCube3)
[2019.05.25-13.42.16:314][578]LogEditorViewport: Clicking on Actor (LMB): BP_ClimbableCube_C (BP_ClimbableCube4)
[2019.05.25-13.42.20:741][102]LogEditorViewport: Clicking on Actor (LMB): BP_ClimbableCube_C (BP_ClimbableCube5)
[2019.05.25-13.42.24:247][516]LogEditorViewport: Clicking on Actor (LMB): BP_ClimbableCube_C (BP_ClimbableCube6)
[2019.05.25-13.42.29:016][ 81]LogEditorViewport: Clicking on Actor (LMB): BP_ClimbableCube_C (BP_ClimbableCube7)
[2019.05.25-13.42.33:080][561]LogEditorViewport: Clicking on Actor (LMB): BP_ClimbableCube_C (BP_ClimbableCube8)
[2019.05.25-13.42.39:961][372]LogEditorViewport: Clicking on Actor (LMB): BP_ClimbableCube_C (BP_ClimbableCube9)
[2019.05.25-13.42.45:121][979]LogEditorViewport: Clicking on Actor (LMB): BP_Sky_Sphere_C (SkySphereBlueprint)
[2019.05.25-13.42.46:085][ 91]LogEditorViewport: Clicking on Actor (LMB): BP_ClimbableCube_C (BP_ClimbableCube9)
[2019.05.25-13.42.55:000][149]LogSlate: FSceneViewport::OnFocusLost() reason 0
[2019.05.25-13.42.55:083][159]LogTemp: Repeating last play command: VR Preview
[2019.05.25-13.42.55:099][159]LogBlueprintUserMessages: Early PlayInEditor Detection: Level '/Game/VirtualRealityBP/Maps/MotionControllerMap.MotionControllerMap:PersistentLevel' has LevelScriptBlueprint '/Game/VirtualRealityBP/Maps/MotionControllerMap.MotionControllerMap:PersistentLevel.MotionControllerMap' with GeneratedClass '/Game/VirtualRealityBP/Maps/MotionControllerMap.MotionControllerMap_C' with ClassGeneratedBy '/Game/VirtualRealityBP/Maps/MotionControllerMap.MotionControllerMap:PersistentLevel.MotionControllerMap'
[2019.05.25-13.42.55:099][159]LogPlayLevel: PlayLevel: No blueprints needed recompiling
[2019.05.25-13.42.55:099][159]LogHMD: Initializing OVRPlugin session
[2019.05.25-13.42.55:153][159]PIE: New page: PIE session: MotionControllerMap (25 May 2019 15:42:55)
[2019.05.25-13.42.55:153][159]LogPlayLevel: Creating play world package: /Game/VirtualRealityBP/Maps/UEDPIE_0_MotionControllerMap
[2019.05.25-13.42.55:166][159]LogPlayLevel: PIE: StaticDuplicateObject took: (0.012722s)
[2019.05.25-13.42.55:167][159]LogAIModule: Creating AISystem for world MotionControllerMap
[2019.05.25-13.42.55:167][159]LogPlayLevel: PIE: World Init took: (0.000572s)
[2019.05.25-13.42.55:167][159]LogPlayLevel: PIE: Created PIE world by copying editor world from /Game/VirtualRealityBP/Maps/MotionControllerMap.MotionControllerMap to /Game/VirtualRealityBP/Maps/UEDPIE_0_MotionControllerMap.MotionControllerMap (0.013415s)
[2019.05.25-13.42.55:203][159]LogInit: XAudio2 using 'Headphones (3- Rift Audio)' : 2 channels at 48 kHz using 16 bits per sample (channel mask 0x3)
[2019.05.25-13.42.55:212][159]LogInit: FAudioDevice initialized.
[2019.05.25-13.42.55:218][159]LogSlate: Updating window title bar state: overlay mode, drag disabled, window buttons hidden, title bar hidden
[2019.05.25-13.42.55:294][159]LogHMD: Allocating Oculus 2720 x 1600 rendertarget swapchain
[2019.05.25-13.42.55:321][159]LogUObjectGlobals: Warning: Failed to find object 'Class None.'
[2019.05.25-13.42.55:321][159]LogLoad: Game class is 'GameModeBase'
[2019.05.25-13.42.55:324][159]LogWorld: Bringing World /Game/VirtualRealityBP/Maps/UEDPIE_0_MotionControllerMap.MotionControllerMap up for play (max tick rate 0) at 2019.05.25-14.42.55
[2019.05.25-13.42.55:324][159]LogWorld: Bringing up level for play took: 0.001915
[2019.05.25-13.42.55:341][159]PIE: Play in editor start time for /Game/VirtualRealityBP/Maps/UEDPIE_0_MotionControllerMap 0.994
[2019.05.25-13.42.55:342][159]LogBlueprintUserMessages: Late PlayInEditor Detection: Level '/Game/VirtualRealityBP/Maps/MotionControllerMap.MotionControllerMap:PersistentLevel' has LevelScriptBlueprint '/Game/VirtualRealityBP/Maps/MotionControllerMap.MotionControllerMap:PersistentLevel.MotionControllerMap' with GeneratedClass '/Game/VirtualRealityBP/Maps/MotionControllerMap.MotionControllerMap_C' with ClassGeneratedBy '/Game/VirtualRealityBP/Maps/MotionControllerMap.MotionControllerMap:PersistentLevel.MotionControllerMap'
[2019.05.25-13.42.55:343][159]LogEngine: Changing dynamic resolution state.
[2019.05.25-13.42.55:347][159]LogRenderer: Releasing previous depth to switch default clear from depth: 0.000000 stencil: 0 to depth: 0.000000 stencil: 0
[2019.05.25-13.42.55:347][159]LogHMD: Allocating Oculus 2720 x 1600 depth rendertarget swapchain
[2019.05.25-14.00.29:569][561]LogSlate: FSceneViewport::OnFocusLost() reason 2
[2019.05.25-14.00.29:588][561]LogSlate: Window 'MyProject Game Preview Standalone (64-bit/PCD3D_SM5)' being destroyed
[2019.05.25-14.00.29:668][561]LogBlueprintUserMessages: Early EndPlayMap Detection: Level '/Game/VirtualRealityBP/Maps/MotionControllerMap.MotionControllerMap:PersistentLevel' has LevelScriptBlueprint '/Game/VirtualRealityBP/Maps/MotionControllerMap.MotionControllerMap:PersistentLevel.MotionControllerMap' with GeneratedClass '/Game/VirtualRealityBP/Maps/MotionControllerMap.MotionControllerMap_C' with ClassGeneratedBy '/Game/VirtualRealityBP/Maps/MotionControllerMap.MotionControllerMap:PersistentLevel.MotionControllerMap'
[2019.05.25-14.00.29:702][561]LogPlayLevel: Display: Shutting down PIE online subsystems
[2019.05.25-14.00.29:703][561]LogBlueprintUserMessages: Late EndPlayMap Detection: Level '/Game/VirtualRealityBP/Maps/MotionControllerMap.MotionControllerMap:PersistentLevel' has LevelScriptBlueprint '/Game/VirtualRealityBP/Maps/MotionControllerMap.MotionControllerMap:PersistentLevel.MotionControllerMap' with GeneratedClass '/Game/VirtualRealityBP/Maps/MotionControllerMap.MotionControllerMap_C' with ClassGeneratedBy '/Game/VirtualRealityBP/Maps/MotionControllerMap.MotionControllerMap:PersistentLevel.MotionControllerMap'
[2019.05.25-14.00.29:768][564]LogPlayLevel: Display: Destroying online subsystem :Context_7
[2019.05.25-14.00.34:818][789]LogSavePackage: Moving 'N:/Unreal Projects/MyProject/Saved/MotionControllerMap25E4947744B849CA65CAE3BF2FA40C37.tmp' to 'N:/Unreal Projects/MyProject/Content/VirtualRealityBP/Maps/MotionControllerMap.umap'
[2019.05.25-14.00.34:886][789]Cmd: OBJ SAVEPACKAGE PACKAGE="/Game/VirtualRealityBP/Maps/MotionControllerMap_BuiltData" FILE="N:/Unreal Projects/MyProject/Content/VirtualRealityBP/Maps/MotionControllerMap_BuiltData.uasset" SILENT=true
[2019.05.25-14.00.35:866][789]LogSavePackage: Moving 'N:/Unreal Projects/MyProject/Saved/MotionControllerMap_BuiltData1DFA3F9043C138E460D4B49A883FA633.tmp' to 'N:/Unreal Projects/MyProject/Content/VirtualRealityBP/Maps/MotionControllerMap_BuiltData.uasset'
[2019.05.25-14.00.37:297][932]LogSlate: Window 'MyProject - Unreal Editor' being destroyed
[2019.05.25-14.00.37:298][932]LogWindowsTextInputMethodSystem: Display: IME system now deactivated.
[2019.05.25-14.00.37:466][933]Cmd: QUIT_EDITOR
[2019.05.25-14.00.37:561][933]LogExit: Preparing to exit.
[2019.05.25-14.00.38:137][933]LogExit: Editor shut down
[2019.05.25-14.00.38:138][933]LogExit: Transaction tracking system shut down
[2019.05.25-14.00.39:256][933]LogExit: Object subsystem successfully closed.
[2019.05.25-14.00.39:268][933]LogShaderCompilers: Display: Shaders left to compile 0
[2019.05.25-14.00.39:270][933]LogD3D11RHI: Shutdown
[2019.05.25-14.00.39:270][933]LogD3D11RHI: CleanupD3DDevice
[2019.05.25-14.00.39:271][933]LogD3D11RHI: ~FD3D11DynamicRHI
[2019.05.25-14.00.39:279][933]LogModuleManager: Shutting down and abandoning module MovieSceneCapture (614)
[2019.05.25-14.00.39:279][933]LogModuleManager: Shutting down and abandoning module Voice (612)
[2019.05.25-14.00.39:279][933]LogModuleManager: Shutting down and abandoning module HierarchicalLODOutliner (610)
[2019.05.25-14.00.39:279][933]LogModuleManager: Shutting down and abandoning module SceneOutliner (608)
[2019.05.25-14.00.39:279][933]LogModuleManager: Shutting down and abandoning module AddContentDialog (606)
[2019.05.25-14.00.39:279][933]LogModuleManager: Shutting down and abandoning module WidgetCarousel (605)
[2019.05.25-14.00.39:279][933]LogModuleManager: Shutting down and abandoning module EditorWidgets (602)
[2019.05.25-14.00.39:279][933]LogModuleManager: Shutting down and abandoning module CollectionManager (600)
[2019.05.25-14.00.39:284][933]LogModuleManager: Shutting down and abandoning module StatsViewer (598)
[2019.05.25-14.00.39:284][933]LogModuleManager: Shutting down and abandoning module FoliageEdit (596)
[2019.05.25-14.00.39:284][933]LogModuleManager: Shutting down and abandoning module LandscapeEditor (594)
[2019.05.25-14.00.39:284][933]LogModuleManager: Shutting down and abandoning module MeshPaintMode (592)
[2019.05.25-14.00.39:284][933]LogModuleManager: Shutting down and abandoning module SceneDepthPickerMode (590)
[2019.05.25-14.00.39:284][933]LogModuleManager: Shutting down and abandoning module ActorPickerMode (588)
[2019.05.25-14.00.39:284][933]LogModuleManager: Shutting down and abandoning module GeometryMode (586)
[2019.05.25-14.00.39:284][933]LogModuleManager: Shutting down and abandoning module TextureAlignMode (584)
[2019.05.25-14.00.39:284][933]LogModuleManager: Shutting down and abandoning module BspMode (582)
[2019.05.25-14.00.39:284][933]LogModuleManager: Shutting down and abandoning module PIEPreviewDeviceProfileSelector (580)
[2019.05.25-14.00.39:284][933]LogModuleManager: Shutting down and abandoning module SequenceRecorderSections (578)
[2019.05.25-14.00.39:284][933]LogModuleManager: Shutting down and abandoning module AutomationWorker (576)
[2019.05.25-14.00.39:284][933]LogModuleManager: Shutting down and abandoning module AudioCaptureEditor (574)
[2019.05.25-14.00.39:284][933]LogModuleManager: Shutting down and abandoning module SequenceRecorder (573)
[2019.05.25-14.00.39:284][933]LogModuleManager: Shutting down and abandoning module MatineeToLevelSequence (570)
[2019.05.25-14.00.39:284][933]LogModuleManager: Shutting down and abandoning module LevelSequenceEditor (568)
[2019.05.25-14.00.39:284][933]LogModuleManager: Shutting down and abandoning module PlacementMode (567)
[2019.05.25-14.00.39:284][933]LogModuleManager: Shutting down and abandoning module MaterialEditor (566)
[2019.05.25-14.00.39:284][933]LogModuleManager: Shutting down and abandoning module WmfMediaFactory (562)
[2019.05.25-14.00.39:284][933]LogModuleManager: Shutting down and abandoning module WmfMediaEditor (560)
[2019.05.25-14.00.39:284][933]LogModuleManager: Shutting down and abandoning module MediaPlayerEditor (558)
[2019.05.25-14.00.39:284][933]LogModuleManager: Shutting down and abandoning module OpenExrWrapper (556)
[2019.05.25-14.00.39:284][933]LogModuleManager: Shutting down and abandoning module ImgMediaFactory (554)
[2019.05.25-14.00.39:284][933]LogModuleManager: Shutting down and abandoning module ImgMediaEditor (552)
[2019.05.25-14.00.39:284][933]LogModuleManager: Shutting down and abandoning module AvfMediaFactory (550)
[2019.05.25-14.00.39:284][933]LogModuleManager: Shutting down and abandoning module AvfMediaEditor (548)
[2019.05.25-14.00.39:284][933]LogModuleManager: Shutting down and abandoning module AndroidMediaFactory (546)
[2019.05.25-14.00.39:284][933]LogModuleManager: Shutting down and abandoning module AndroidMediaEditor (544)
[2019.05.25-14.00.39:284][933]LogModuleManager: Shutting down and abandoning module MagicLeapCameraPreviewFactory (542)
[2019.05.25-14.00.39:284][933]LogModuleManager: Shutting down and abandoning module MagicLeapMediaFactory (540)
[2019.05.25-14.00.39:284][933]LogModuleManager: Shutting down and abandoning module MagicLeapMediaEditor (538)
[2019.05.25-14.00.39:284][933]LogModuleManager: Shutting down and abandoning module CharacterAI (536)
[2019.05.25-14.00.39:284][933]LogModuleManager: Shutting down and abandoning module SmartSnapping (534)
[2019.05.25-14.00.39:284][933]LogModuleManager: Shutting down and abandoning module SessionServices (532)
[2019.05.25-14.00.39:284][933]LogModuleManager: Shutting down and abandoning module ViewportSnapping (530)
[2019.05.25-14.00.39:284][933]LogModuleManager: Shutting down and abandoning module ViewportInteraction (528)
[2019.05.25-14.00.39:284][933]LogModuleManager: Shutting down and abandoning module ClothPainter (526)
[2019.05.25-14.00.39:285][933]LogModuleManager: Shutting down and abandoning module SkeletalMeshEditor (525)
[2019.05.25-14.00.39:285][933]LogModuleManager: Shutting down and abandoning module LogVisualizer (522)
[2019.05.25-14.00.39:285][933]LogModuleManager: Shutting down and abandoning module IntroTutorials (520)
[2019.05.25-14.00.39:285][933]LogModuleManager: Shutting down and abandoning module GameProjectGeneration (519)
[2019.05.25-14.00.39:285][933]LogModuleManager: Shutting down and abandoning module LuminPlatformEditor (516)
[2019.05.25-14.00.39:285][933]LogModuleManager: Shutting down and abandoning module IOSPlatformEditor (514)
[2019.05.25-14.00.39:285][933]LogModuleManager: Shutting down and abandoning module HTML5PlatformEditor (512)
[2019.05.25-14.00.39:285][933]LogModuleManager: Shutting down and abandoning module AndroidPlatformEditor (510)
[2019.05.25-14.00.39:285][933]LogModuleManager: Shutting down and abandoning module AndroidDeviceDetection (509)
[2019.05.25-14.00.40:158][933]LogModuleManager: Shutting down and abandoning module WindowsPlatformEditor (506)
[2019.05.25-14.00.40:158][933]LogModuleManager: Shutting down and abandoning module LuminRuntimeSettings (504)
[2019.05.25-14.00.40:158][933]LogModuleManager: Shutting down and abandoning module IOSRuntimeSettings (502)
[2019.05.25-14.00.40:158][933]LogModuleManager: Shutting down and abandoning module AndroidRuntimeSettings (500)
[2019.05.25-14.00.40:158][933]LogModuleManager: Shutting down and abandoning module InputBindingEditor (498)
[2019.05.25-14.00.40:158][933]LogModuleManager: Shutting down and abandoning module MergeActors (496)
[2019.05.25-14.00.40:158][933]LogModuleManager: Shutting down and abandoning module LocalizationDashboard (494)
[2019.05.25-14.00.40:159][933]LogModuleManager: Shutting down and abandoning module LocalizationService (493)
[2019.05.25-14.00.40:159][933]LogModuleManager: Shutting down and abandoning module HardwareTargeting (490)
[2019.05.25-14.00.40:159][933]LogModuleManager: Shutting down and abandoning module DeviceProfileEditor (488)
[2019.05.25-14.00.40:159][933]LogModuleManager: Shutting down and abandoning module UndoHistory (486)
[2019.05.25-14.00.40:159][933]LogModuleManager: Shutting down and abandoning module XmlParser (484)
[2019.05.25-14.00.40:159][933]LogModuleManager: Shutting down and abandoning module Blutility (482)
[2019.05.25-14.00.40:159][933]LogModuleManager: Shutting down and abandoning module ProjectSettingsViewer (480)
[2019.05.25-14.00.40:159][933]LogModuleManager: Shutting down and abandoning module ProjectTargetPlatformEditor (479)
[2019.05.25-14.00.40:160][933]LogModuleManager: Shutting down and abandoning module EditorSettingsViewer (476)
[2019.05.25-14.00.40:160][933]LogModuleManager: Shutting down and abandoning module SettingsEditor (474)
[2019.05.25-14.00.40:160][933]LogModuleManager: Shutting down and abandoning module ProjectLauncher (472)
[2019.05.25-14.00.40:160][933]LogModuleManager: Shutting down and abandoning module SessionFrontend (470)
[2019.05.25-14.00.40:160][933]LogModuleManager: Shutting down and abandoning module ProfilerClient (468)
[2019.05.25-14.00.40:160][933]LogModuleManager: Shutting down and abandoning module DeviceManager (466)
[2019.05.25-14.00.40:160][933]LogModuleManager: Shutting down and abandoning module TargetDeviceServices (465)
[2019.05.25-14.00.40:224][933]LogModuleManager: Shutting down and abandoning module AutomationController (462)
[2019.05.25-14.00.40:225][933]LogModuleManager: Shutting down and abandoning module AutomationWindow (460)
[2019.05.25-14.00.40:225][933]LogModuleManager: Shutting down and abandoning module Layers (458)
[2019.05.25-14.00.40:225][933]LogModuleManager: Shutting down and abandoning module ComponentVisualizers (456)
[2019.05.25-14.00.40:225][933]LogModuleManager: Shutting down and abandoning module DetailCustomizations (454)
[2019.05.25-14.00.40:225][933]LogModuleManager: Shutting down and abandoning module PackagesDialog (452)
[2019.05.25-14.00.40:225][933]LogModuleManager: Shutting down and abandoning module Persona (450)
[2019.05.25-14.00.40:226][933]LogModuleManager: Shutting down and abandoning module AdvancedPreviewScene (449)
[2019.05.25-14.00.40:226][933]LogModuleManager: Shutting down and abandoning module AnimGraph (447)
[2019.05.25-14.00.40:226][933]LogModuleManager: Shutting down and abandoning module Kismet (444)
[2019.05.25-14.00.40:228][933]LogModuleManager: Shutting down and abandoning module GraphEditor (442)
[2019.05.25-14.00.40:228][933]LogModuleManager: Shutting down and abandoning module ClassViewer (440)
[2019.05.25-14.00.40:228][933]LogModuleManager: Shutting down and abandoning module Toolbox (438)
[2019.05.25-14.00.40:229][933]LogModuleManager: Shutting down and abandoning module ModuleUI (436)
[2019.05.25-14.00.40:229][933]LogModuleManager: Shutting down and abandoning module MovieSceneTools (434)
[2019.05.25-14.00.40:229][933]LogModuleManager: Shutting down and abandoning module OutputLog (432)
[2019.05.25-14.00.40:229][933]LogModuleManager: Shutting down and abandoning module GammaUI (430)
[2019.05.25-14.00.40:229][933]LogModuleManager: Shutting down and abandoning module Documentation (428)
[2019.05.25-14.00.40:229][933]LogModuleManager: Shutting down and abandoning module MovieSceneTracks (426)
[2019.05.25-14.00.40:229][933]LogModuleManager: Shutting down and abandoning module MovieScene (424)
[2019.05.25-14.00.40:230][933]LogModuleManager: Shutting down and abandoning module StreamingPauseRendering (422)
[2019.05.25-14.00.40:230][933]LogModuleManager: Shutting down and abandoning module LauncherPlatform (420)
[2019.05.25-14.00.40:230][933]LogModuleManager: Shutting down and abandoning module AnalyticsET (418)
[2019.05.25-14.00.40:230][933]LogModuleManager: Shutting down and abandoning module PortalServices (416)
[2019.05.25-14.00.40:230][933]LogModuleManager: Shutting down and abandoning module PortalRpc (414)
[2019.05.25-14.00.40:230][933]LogModuleManager: Shutting down and abandoning module MessagingRpc (412)
[2019.05.25-14.00.40:230][933]LogModuleManager: Shutting down and abandoning module AIModule (410)
[2019.05.25-14.00.40:230][933]LogModuleManager: Shutting down and abandoning module GameplayDebugger (409)
[2019.05.25-14.00.40:230][933]LogModuleManager: Shutting down and abandoning module AITestSuite (407)
[2019.05.25-14.00.40:231][933]LogModuleManager: Shutting down and abandoning module NavigationSystem (405)
[2019.05.25-14.00.40:231][933]LogModuleManager: Shutting down and abandoning module DesktopPlatform (402)
[2019.05.25-14.00.40:231][933]LogModuleManager: Shutting down and abandoning module ProfilerService (400)
[2019.05.25-14.00.40:299][933]LogModuleManager: Shutting down and abandoning module TaskGraph (398)
[2019.05.25-14.00.40:299][933]LogModuleManager: Shutting down and abandoning module SteamVRController (396)
[2019.05.25-14.00.40:299][933]LogModuleManager: Shutting down and abandoning module ProceduralMeshComponentEditor (394)
[2019.05.25-14.00.40:299][933]LogModuleManager: Shutting down and abandoning module ProceduralMeshComponent (392)
[2019.05.25-14.00.40:299][933]LogModuleManager: Shutting down and abandoning module OculusInput (390)
[2019.05.25-14.00.40:299][933]LogModuleManager: Shutting down and abandoning module MobilePatchingUtils (388)
[2019.05.25-14.00.40:300][933]LogModuleManager: Shutting down and abandoning module EditableMesh (386)
[2019.05.25-14.00.40:300][933]LogModuleManager: Shutting down and abandoning module CustomMeshComponent (384)
[2019.05.25-14.00.40:300][933]LogModuleManager: Shutting down and abandoning module CableComponent (382)
[2019.05.25-14.00.40:300][933]LogModuleManager: Shutting down and abandoning module AudioCapture (380)
[2019.05.25-14.00.40:300][933]LogModuleManager: Shutting down and abandoning module ArchVisCharacter (378)
[2019.05.25-14.00.40:300][933]LogModuleManager: Shutting down and abandoning module AndroidPermission (376)
[2019.05.25-14.00.40:300][933]LogModuleManager: Shutting down and abandoning module NUTUnrealEngine4 (374)
[2019.05.25-14.00.40:300][933]LogModuleManager: Shutting down and abandoning module NetcodeUnitTest (372)
[2019.05.25-14.00.40:300][933]LogModuleManager: Shutting down and abandoning module MediaCompositingEditor (370)
[2019.05.25-14.00.40:300][933]LogModuleManager: Shutting down and abandoning module MediaCompositing (368)
[2019.05.25-14.00.40:300][933]LogModuleManager: Shutting down and abandoning module LinearTimecode (366)
[2019.05.25-14.00.40:300][933]LogModuleManager: Shutting down and abandoning module ImgMedia (364)
[2019.05.25-14.00.40:310][933]LogModuleManager: Shutting down and abandoning module HTML5Networking (362)
[2019.05.25-14.00.40:310][933]LogModuleManager: Shutting down and abandoning module GeometryCacheTracks (360)
[2019.05.25-14.00.40:310][933]LogModuleManager: Shutting down and abandoning module GeometryCacheSequencer (358)
[2019.05.25-14.00.40:311][933]LogModuleManager: Shutting down and abandoning module BackChannel (356)
[2019.05.25-14.00.40:311][933]LogModuleManager: Shutting down and abandoning module AppleVision (354)
[2019.05.25-14.00.40:311][933]LogModuleManager: Shutting down and abandoning module AppleImageUtils (352)
[2019.05.25-14.00.40:311][933]LogModuleManager: Shutting down and abandoning module AlembicImporter (350)
[2019.05.25-14.00.40:311][933]LogModuleManager: Shutting down and abandoning module AlembicLibrary (349)
[2019.05.25-14.00.40:311][933]LogModuleManager: Shutting down and abandoning module GeometryCache (348)
[2019.05.25-14.00.40:311][933]LogModuleManager: Shutting down and abandoning module GeometryCacheEd (347)
[2019.05.25-14.00.40:311][933]LogModuleManager: Shutting down and abandoning module DatasmithContentEditor (342)
[2019.05.25-14.00.40:311][933]LogModuleManager: Shutting down and abandoning module DatasmithContent (340)
[2019.05.25-14.00.40:318][933]LogModuleManager: Shutting down and abandoning module SpeedTreeImporter (338)
[2019.05.25-14.00.40:318][933]LogModuleManager: Shutting down and abandoning module PluginBrowser (336)
[2019.05.25-14.00.40:318][933]LogModuleManager: Shutting down and abandoning module MobileLauncherProfileWizard (334)
[2019.05.25-14.00.40:318][933]LogModuleManager: Shutting down and abandoning module PolygonModeling (332)
[2019.05.25-14.00.40:319][933]LogModuleManager: Shutting down and abandoning module MeshEditor (330)
[2019.05.25-14.00.40:319][933]LogModuleManager: Shutting down and abandoning module CryptoKeysOpenSSL (328)
[2019.05.25-14.00.40:319][933]LogModuleManager: Shutting down and abandoning module CryptoKeys (326)
[2019.05.25-14.00.40:319][933]LogModuleManager: Shutting down and abandoning module VisualStudioSourceCodeAccess (324)
[2019.05.25-14.00.40:319][933]LogModuleManager: Shutting down and abandoning module VisualStudioCodeSourceCodeAccess (322)
[2019.05.25-14.00.40:319][933]LogModuleManager: Shutting down and abandoning module UObjectPlugin (320)
[2019.05.25-14.00.40:319][933]LogModuleManager: Shutting down and abandoning module SubversionSourceControl (318)
[2019.05.25-14.00.40:319][933]LogModuleManager: Shutting down and abandoning module PerforceSourceControl (316)
[2019.05.25-14.00.40:320][933]LogModuleManager: Shutting down and abandoning module GitSourceControl (314)
[2019.05.25-14.00.40:320][933]LogModuleManager: Shutting down and abandoning module SourceControl (313)
[2019.05.25-14.00.40:320][933]LogModuleManager: Shutting down and abandoning module CLionSourceCodeAccess (310)
[2019.05.25-14.00.40:320][933]LogModuleManager: Shutting down and abandoning module LightPropagationVolumeEditor (308)
[2019.05.25-14.00.40:320][933]LogModuleManager: Shutting down and abandoning module PaperTiledImporter (306)
[2019.05.25-14.00.40:320][933]LogModuleManager: Shutting down and abandoning module PaperSpriteSheetImporter (304)
[2019.05.25-14.00.40:320][933]LogModuleManager: Shutting down and abandoning module Paper2DEditor (302)
[2019.05.25-14.00.40:320][933]LogModuleManager: Shutting down and abandoning module MeshPaint (301)
[2019.05.25-14.00.40:320][933]LogModuleManager: Shutting down and abandoning module RuntimePhysXCooking (298)
[2019.05.25-14.00.40:321][933]LogModuleManager: Shutting down and abandoning module PhysXVehiclesEditor (296)
[2019.05.25-14.00.40:321][933]LogModuleManager: Shutting down and abandoning module PhysXVehicles (294)
[2019.05.25-14.00.40:321][933]LogModuleManager: Shutting down and abandoning module OculusEditor (292)
[2019.05.25-14.00.40:321][933]LogModuleManager: Shutting down and abandoning module LocationServicesBPLibrary (290)
[2019.05.25-14.00.40:321][933]LogModuleManager: Shutting down and abandoning module ImmediatePhysicsEditor (288)
[2019.05.25-14.00.40:321][933]LogModuleManager: Shutting down and abandoning module ImmediatePhysics (286)
[2019.05.25-14.00.40:321][933]LogModuleManager: Shutting down and abandoning module ActorSequence (284)
[2019.05.25-14.00.40:321][933]LogModuleManager: Shutting down and abandoning module UdpMessaging (282)
[2019.05.25-14.00.40:422][933]LogModuleManager: Shutting down and abandoning module TcpMessaging (280)
[2019.05.25-14.00.40:522][933]LogModuleManager: Shutting down and abandoning module MagicLeapAudio (278)
[2019.05.25-14.00.40:522][933]LogModuleManager: Shutting down and abandoning module GameplayTagsEditor (276)
[2019.05.25-14.00.40:522][933]LogModuleManager: Shutting down and abandoning module FacialAnimationEditor (274)
[2019.05.25-14.00.40:523][933]LogModuleManager: Shutting down and abandoning module FacialAnimation (272)
[2019.05.25-14.00.40:523][933]LogModuleManager: Shutting down and abandoning module DataValidation (270)
[2019.05.25-14.00.40:523][933]LogModuleManager: Shutting down and abandoning module AssetManagerEditor (268)
[2019.05.25-14.00.40:523][933]LogModuleManager: Shutting down and abandoning module LevelEditor (267)
[2019.05.25-14.00.40:525][933]LogModuleManager: Shutting down and abandoning module PixelInspectorModule (266)
[2019.05.25-14.00.40:525][933]LogModuleManager: Shutting down and abandoning module CommonMenuExtensions (264)
[2019.05.25-14.00.40:526][933]LogModuleManager: Shutting down and abandoning module MainFrame (262)
[2019.05.25-14.00.40:526][933]LogModuleManager: Shutting down and abandoning module HotReload (261)
[2019.05.25-14.00.40:527][933]LogModuleManager: Shutting down and abandoning module ContentBrowser (257)
[2019.05.25-14.00.40:530][933]LogModuleManager: Shutting down and abandoning module TreeMap (255)
[2019.05.25-14.00.40:531][933]LogModuleManager: Shutting down and abandoning module LightPropagationVolumeRuntime (252)
[2019.05.25-14.00.40:531][933]LogModuleManager: Shutting down and abandoning module AISupportModule (250)
[2019.05.25-14.00.40:531][933]LogModuleManager: Shutting down and abandoning module Paper2D (248)
[2019.05.25-14.00.40:531][933]LogModuleManager: Shutting down and abandoning module WindowsMoviePlayer (246)
[2019.05.25-14.00.40:531][933]LogModuleManager: Shutting down and abandoning module WmfMedia (244)
[2019.05.25-14.00.40:531][933]LogModuleManager: Shutting down and abandoning module Media (243)
[2019.05.25-14.00.40:538][933]LogModuleManager: Shutting down and abandoning module PacketHandler (240)
[2019.05.25-14.00.40:539][933]LogModuleManager: Shutting down and abandoning module ClothingSystemEditor (238)
[2019.05.25-14.00.40:539][933]LogModuleManager: Shutting down and abandoning module ClothingSystemRuntime (236)
[2019.05.25-14.00.40:539][933]LogModuleManager: Shutting down and abandoning module MediaAssets (234)
[2019.05.25-14.00.40:539][933]LogModuleManager: Shutting down and abandoning module Overlay (232)
[2019.05.25-14.00.40:539][933]LogModuleManager: Shutting down and abandoning module OverlayEditor (231)
[2019.05.25-14.00.40:539][933]LogModuleManager: Shutting down and abandoning module VREditor (228)
[2019.05.25-14.00.40:539][933]LogModuleManager: Shutting down and abandoning module StringTableEditor (226)
[2019.05.25-14.00.40:539][933]LogModuleManager: Shutting down and abandoning module GameplayTasksEditor (224)
[2019.05.25-14.00.40:539][933]LogModuleManager: Shutting down and abandoning module BehaviorTreeEditor (222)
[2019.05.25-14.00.40:540][933]LogModuleManager: Shutting down and abandoning module FunctionalTesting (220)
[2019.05.25-14.00.40:540][933]LogModuleManager: Shutting down and abandoning module CollisionAnalyzer (218)
[2019.05.25-14.00.40:540][933]LogModuleManager: Shutting down and abandoning module WorkspaceMenuStructure (217)
[2019.05.25-14.00.40:540][933]LogModuleManager: Shutting down and abandoning module UMG (214)
[2019.05.25-14.00.40:540][933]LogModuleManager: Shutting down and abandoning module UMGEditor (213)
[2019.05.25-14.00.40:540][933]LogModuleManager: Shutting down and abandoning module Sequencer (212)
[2019.05.25-14.00.40:541][933]LogModuleManager: Shutting down and abandoning module MessageLog (209)
[2019.05.25-14.00.40:541][933]LogModuleManager: Shutting down and abandoning module SlateReflector (204)
[2019.05.25-14.00.40:541][933]LogModuleManager: Shutting down and abandoning module Slate (202)
[2019.05.25-14.00.40:541][933]LogModuleManager: Shutting down and abandoning module EditorStyle (200)
[2019.05.25-14.00.40:546][933]LogModuleManager: Shutting down and abandoning module MRMesh (198)
[2019.05.25-14.00.40:546][933]LogModuleManager: Shutting down and abandoning module SourceCodeAccess (196)
[2019.05.25-14.00.40:547][933]LogModuleManager: Shutting down and abandoning module HeadMountedDisplay (194)
[2019.05.25-14.00.40:547][933]LogModuleManager: Shutting down and abandoning module XAudio2 (192)
[2019.05.25-14.00.40:547][933]LogModuleManager: Shutting down and abandoning module Networking (190)
[2019.05.25-14.00.40:547][933]LogModuleManager: Shutting down and abandoning module Core (188)
[2019.05.25-14.00.40:547][933]LogModuleManager: Shutting down and abandoning module LevelSequence (186)
[2019.05.25-14.00.40:547][933]LogModuleManager: Shutting down and abandoning module KismetCompiler (184)
[2019.05.25-14.00.40:547][933]LogModuleManager: Shutting down and abandoning module MeshUtilities (182)
[2019.05.25-14.00.40:547][933]LogModuleManager: Shutting down and abandoning module MeshMergeUtilities (181)
[2019.05.25-14.00.40:547][933]LogModuleManager: Shutting down and abandoning module MeshReductionInterface (180)
[2019.05.25-14.00.40:547][933]LogModuleManager: Shutting down and abandoning module SimplygonSwarm (179)
[2019.05.25-14.00.40:547][933]LogModuleManager: Shutting down and abandoning module ProxyLODMeshReduction (177)
[2019.05.25-14.00.40:547][933]LogModuleManager: Shutting down and abandoning module SimplygonMeshReduction (175)
[2019.05.25-14.00.40:548][933]LogModuleManager: Shutting down and abandoning module QuadricMeshReduction (173)
[2019.05.25-14.00.40:548][933]LogModuleManager: Shutting down and abandoning module MaterialBaking (169)
[2019.05.25-14.00.40:548][933]LogModuleManager: Shutting down and abandoning module DirectoryWatcher (165)
[2019.05.25-14.00.40:548][933]LogModuleManager: Shutting down and abandoning module DerivedDataCache (162)
[2019.05.25-14.00.40:595][933]LogDerivedDataCache: Shutdown
[2019.05.25-14.00.40:595][933]LogModuleManager: Shutting down and abandoning module XGEController (160)
[2019.05.25-14.00.40:595][933]LogModuleManager: Shutting down and abandoning module TargetPlatform (158)
[2019.05.25-14.00.40:595][933]LogModuleManager: Shutting down and abandoning module VulkanShaderFormat (157)
[2019.05.25-14.00.40:596][933]LogModuleManager: Shutting down and abandoning module ShaderFormatVectorVM (155)
[2019.05.25-14.00.40:596][933]LogModuleManager: Shutting down and abandoning module ShaderFormatOpenGL (153)
[2019.05.25-14.00.40:596][933]LogModuleManager: Shutting down and abandoning module ShaderFormatD3D (151)
[2019.05.25-14.00.40:596][933]LogModuleManager: Shutting down and abandoning module MetalShaderFormat (149)
[2019.05.25-14.00.40:596][933]LogModuleManager: Shutting down and abandoning module TextureFormatUncompressed (147)
[2019.05.25-14.00.40:596][933]LogModuleManager: Shutting down and abandoning module TextureFormatPVR (145)
[2019.05.25-14.00.40:596][933]LogModuleManager: Shutting down and abandoning module TextureFormatDXT (143)
[2019.05.25-14.00.40:596][933]LogModuleManager: Shutting down and abandoning module TextureFormatIntelISPCTexComp (141)
[2019.05.25-14.00.40:596][933]LogModuleManager: Shutting down and abandoning module TextureFormatASTC (139)
[2019.05.25-14.00.40:596][933]LogModuleManager: Shutting down and abandoning module ImageWrapper (138)
[2019.05.25-14.00.40:597][933]LogModuleManager: Shutting down and abandoning module TextureFormatAndroid (135)
[2019.05.25-14.00.40:597][933]LogModuleManager: Shutting down and abandoning module AudioFormatOpus (133)
[2019.05.25-14.00.40:597][933]LogModuleManager: Shutting down and abandoning module AudioFormatOgg (131)
[2019.05.25-14.00.40:597][933]LogModuleManager: Shutting down and abandoning module AudioFormatADPCM (129)
[2019.05.25-14.00.40:597][933]LogModuleManager: Shutting down and abandoning module LuminTargetPlatform (127)
[2019.05.25-14.00.40:597][933]LogModuleManager: Shutting down and abandoning module LinuxTargetPlatform (125)
[2019.05.25-14.00.40:597][933]LogModuleManager: Shutting down and abandoning module LinuxServerTargetPlatform (123)
[2019.05.25-14.00.40:597][933]LogModuleManager: Shutting down and abandoning module LinuxNoEditorTargetPlatform (121)
[2019.05.25-14.00.40:597][933]LogModuleManager: Shutting down and abandoning module LinuxClientTargetPlatform (119)
[2019.05.25-14.00.40:597][933]LogModuleManager: Shutting down and abandoning module TVOSTargetPlatform (117)
[2019.05.25-14.00.40:600][933]LogModuleManager: Shutting down and abandoning module Messaging (115)
[2019.05.25-14.00.40:600][933]LogModuleManager: Shutting down and abandoning module IOSTargetPlatform (113)
[2019.05.25-14.00.40:610][933]LogModuleManager: Shutting down and abandoning module HTML5TargetPlatform (111)
[2019.05.25-14.00.40:610][933]LogModuleManager: Shutting down and abandoning module AndroidTargetPlatform (109)
[2019.05.25-14.00.40:631][933]LogModuleManager: Shutting down and abandoning module WindowsTargetPlatform (107)
[2019.05.25-14.00.40:631][933]LogModuleManager: Shutting down and abandoning module WindowsServerTargetPlatform (105)
[2019.05.25-14.00.40:631][933]LogModuleManager: Shutting down and abandoning module WindowsNoEditorTargetPlatform (103)
[2019.05.25-14.00.40:631][933]LogModuleManager: Shutting down and abandoning module WindowsClientTargetPlatform (101)
[2019.05.25-14.00.40:631][933]LogModuleManager: Shutting down and abandoning module MacTargetPlatform (99)
[2019.05.25-14.00.40:632][933]LogModuleManager: Shutting down and abandoning module MacServerTargetPlatform (97)
[2019.05.25-14.00.40:632][933]LogModuleManager: Shutting down and abandoning module MacNoEditorTargetPlatform (95)
[2019.05.25-14.00.40:632][933]LogModuleManager: Shutting down and abandoning module MacClientTargetPlatform (93)
[2019.05.25-14.00.40:632][933]LogModuleManager: Shutting down and abandoning module AllDesktopTargetPlatform (91)
[2019.05.25-14.00.40:632][933]LogModuleManager: Shutting down and abandoning module InputCore (88)
[2019.05.25-14.00.40:632][933]LogModuleManager: Shutting down and abandoning module Settings (86)
[2019.05.25-14.00.40:632][933]LogModuleManager: Shutting down and abandoning module PhysXCooking (84)
[2019.05.25-14.00.40:632][933]LogModuleManager: Shutting down and abandoning module SteamVR (82)
[2019.05.25-14.00.40:632][933]LogModuleManager: Shutting down and abandoning module OculusHMD (80)
[2019.05.25-14.00.40:632][933]LogModuleManager: Shutting down and abandoning module ExampleDeviceProfileSelector (78)
[2019.05.25-14.00.40:632][933]LogModuleManager: Shutting down and abandoning module LauncherChunkInstaller (76)
[2019.05.25-14.00.40:633][933]LogModuleManager: Shutting down and abandoning module OnlineBlueprintSupport (74)
[2019.05.25-14.00.40:633][933]LogModuleManager: Shutting down and abandoning module OnlineSubsystem (70)
[2019.05.25-14.00.40:634][933]LogModuleManager: Shutting down and abandoning module XMPP (65)
[2019.05.25-14.00.40:635][933]LogModuleManager: Shutting down and abandoning module WebSockets (64)
[2019.05.25-14.00.40:660][933]LogModuleManager: Shutting down and abandoning module HTTP (61)
[2019.05.25-14.00.40:660][933]LogHttp: Display: Http module shutting down, but needs to wait on 1 outstanding Http requests:
[2019.05.25-14.00.40:660][933]LogHttp: Display: 	verb=[POST] url=[https://datarouter.ol.epicgames.com/datarouter/api/v1/public/data?SessionID=%7B246A2539-4308-F011-8646-C496E9CA85F9%7D&AppID=UEEditor.Rocket.Release&AppVersion=4.20.2-4302132%2B%2B%2BUE4%2BRelease-4.20&UserID=3e4fa5c24e5b5c9b7170c28f04c9256d%7C%7C48ff5989-244f-4b1d-92d9-ef40ca4fbbcb&AppEnvironment=datacollector-binary&UploadType=eteventstream] status=Processing
[2019.05.25-14.00.40:670][933]LogModuleManager: Shutting down and abandoning module SSL (60)
[2019.05.25-14.00.40:674][933]LogModuleManager: Shutting down and abandoning module MagicLeapEmulator (56)
[2019.05.25-14.00.40:674][933]LogModuleManager: Shutting down and abandoning module MagicLeapPrivileges (54)
[2019.05.25-14.00.40:674][933]LogModuleManager: Shutting down and abandoning module MagicLeapIdentity (52)
[2019.05.25-14.00.40:674][933]LogModuleManager: Shutting down and abandoning module MagicLeapHelperVulkan (50)
[2019.05.25-14.00.40:674][933]LogModuleManager: Shutting down and abandoning module MagicLeapHelperOpenGL (48)
[2019.05.25-14.00.40:674][933]LogModuleManager: Shutting down and abandoning module MagicLeapSecureStorage (46)
[2019.05.25-14.00.40:674][933]LogModuleManager: Shutting down and abandoning module MagicLeapGestures (44)
[2019.05.25-14.00.40:675][933]LogModuleManager: Shutting down and abandoning module MagicLeapEyeTracker (42)
[2019.05.25-14.00.40:675][933]LogModuleManager: Shutting down and abandoning module MagicLeapController (40)
[2019.05.25-14.00.40:675][933]LogSlate: Slate User Destroyed.  User Index 0, Is Virtual User: 0
[2019.05.25-14.00.40:675][933]LogModuleManager: Shutting down and abandoning module MagicLeap (38)
[2019.05.25-14.00.40:676][933]LogModuleManager: Shutting down and abandoning module AnimationModifiers (36)
[2019.05.25-14.00.40:676][933]LogModuleManager: Shutting down and abandoning module PropertyEditor (35)
[2019.05.25-14.00.40:676][933]LogModuleManager: Shutting down and abandoning module AudioEditor (32)
[2019.05.25-14.00.40:676][933]LogModuleManager: Shutting down and abandoning module TextureCompressor (30)
[2019.05.25-14.00.40:677][933]LogModuleManager: Shutting down and abandoning module ShaderCore (28)
[2019.05.25-14.00.40:677][933]LogModuleManager: Shutting down and abandoning module Landscape (26)
[2019.05.25-14.00.40:677][933]LogModuleManager: Shutting down and abandoning module SlateRHIRenderer (24)
[2019.05.25-14.00.40:678][933]LogModuleManager: Shutting down and abandoning module OpenGLDrv (22)
[2019.05.25-14.00.40:678][933]LogModuleManager: Shutting down and abandoning module D3D11RHI (20)
[2019.05.25-14.00.40:678][933]LogModuleManager: Shutting down and abandoning module AnimGraphRuntime (18)
[2019.05.25-14.00.40:678][933]LogModuleManager: Shutting down and abandoning module Renderer (16)
[2019.05.25-14.00.40:678][933]LogModuleManager: Shutting down and abandoning module Engine (14)
[2019.05.25-14.00.40:678][933]LogModuleManager: Shutting down and abandoning module CoreUObject (12)
[2019.05.25-14.00.40:678][933]LogModuleManager: Shutting down and abandoning module NetworkFile (10)
[2019.05.25-14.00.40:678][933]LogModuleManager: Shutting down and abandoning module CookedIterativeFile (8)
[2019.05.25-14.00.40:678][933]LogModuleManager: Shutting down and abandoning module StreamingFile (6)
[2019.05.25-14.00.40:678][933]LogModuleManager: Shutting down and abandoning module SandboxFile (4)
[2019.05.25-14.00.40:678][933]LogModuleManager: Shutting down and abandoning module PakFile (2)
[2019.05.25-14.00.40:698][933]LogExit: Exiting.
[2019.05.25-14.00.40:705][933]Log file closed, 05/25/19 15:00:40
