Log file open, 05/28/19 16:33:23
LogWindows: Failed to load 'aqProf.dll' (GetLastError=126)
LogWindows: File 'aqProf.dll' does not exist
LogWindows: Failed to load 'VtuneApi.dll' (GetLastError=126)
LogWindows: File 'VtuneApi.dll' does not exist
LogWindows: Failed to load 'VtuneApi32e.dll' (GetLastError=126)
LogWindows: File 'VtuneApi32e.dll' does not exist
LogInit: Display: Running engine for game: MyProject
LogPlatformFile: Not using cached read wrapper
LogTaskGraph: Started task graph with 5 named threads and 23 total threads with 3 sets of task threads.
LogStats: Stats thread started at 0.375940
LogD3D11RHI: Loaded GFSDK_Aftermath_Lib.x64.dll
LogICUInternationalization: Display: ICU TimeZone Detection - Raw Offset: +0:00, Platform Override: ''
LogPluginManager: Mounting plugin Paper2D
LogPluginManager: Mounting plugin AISupport
LogPluginManager: Mounting plugin LightPropagationVolume
LogPluginManager: Mounting plugin CLionSourceCodeAccess
LogPluginManager: Mounting plugin CodeLiteSourceCodeAccess
LogPluginManager: Mounting plugin GitSourceControl
LogPluginManager: Mounting plugin KDevelopSourceCodeAccess
LogPluginManager: Mounting plugin NullSourceCodeAccess
LogPluginManager: Mounting plugin PerforceSourceControl
LogPluginManager: Mounting plugin SubversionSourceControl
LogPluginManager: Mounting plugin UObjectPlugin
LogPluginManager: Mounting plugin VisualStudioCodeSourceCodeAccess
LogPluginManager: Mounting plugin VisualStudioSourceCodeAccess
LogPluginManager: Mounting plugin XCodeSourceCodeAccess
LogPluginManager: Mounting plugin AssetManagerEditor
LogPluginManager: Mounting plugin CryptoKeys
LogPluginManager: Mounting plugin DataValidation
LogPluginManager: Mounting plugin FacialAnimation
LogPluginManager: Mounting plugin GameplayTagsEditor
LogPluginManager: Mounting plugin MacGraphicsSwitching
LogPluginManager: Mounting plugin MeshEditor
LogPluginManager: Mounting plugin MobileLauncherProfileWizard
LogPluginManager: Mounting plugin PluginBrowser
LogPluginManager: Mounting plugin SpeedTreeImporter
LogPluginManager: Mounting plugin DatasmithContent
LogPluginManager: Mounting plugin AlembicImporter
LogPluginManager: Mounting plugin AppleImageUtils
LogPluginManager: Mounting plugin AppleVision
LogPluginManager: Mounting plugin BackChannel
LogPluginManager: Mounting plugin CharacterAI
LogPluginManager: Mounting plugin GeometryCache
LogPluginManager: Mounting plugin HTML5Networking
LogPluginManager: Mounting plugin ProxyLODPlugin
LogPluginManager: Mounting plugin MagicLeap
LogPluginManager: Mounting plugin MagicLeapEmulator
LogPluginManager: Mounting plugin MagicLeapMedia
LogPluginManager: Mounting plugin AndroidMedia
LogPluginManager: Mounting plugin AvfMedia
LogPluginManager: Mounting plugin ImgMedia
LogPluginManager: Mounting plugin LinearTimecode
LogPluginManager: Mounting plugin MediaCompositing
LogPluginManager: Mounting plugin MediaPlayerEditor
LogPluginManager: Mounting plugin WmfMedia
LogPluginManager: Mounting plugin TcpMessaging
LogPluginManager: Mounting plugin UdpMessaging
LogPluginManager: Mounting plugin ActorSequence
LogPluginManager: Mounting plugin LevelSequenceEditor
LogPluginManager: Mounting plugin MatineeToLevelSequence
LogPluginManager: Mounting plugin NetcodeUnitTest
LogPluginManager: Mounting plugin NUTUnrealEngine4
LogPluginManager: Mounting plugin OnlineSubsystemGooglePlay
LogPluginManager: Mounting plugin OnlineSubsystemIOS
LogPluginManager: Mounting plugin OnlineSubsystem
LogPluginManager: Mounting plugin OnlineSubsystemNull
LogPluginManager: Mounting plugin OnlineSubsystemUtils
LogPluginManager: Mounting plugin LauncherChunkInstaller
LogPluginManager: Mounting plugin AndroidDeviceProfileSelector
LogPluginManager: Mounting plugin AndroidMoviePlayer
LogPluginManager: Mounting plugin AndroidPermission
LogPluginManager: Mounting plugin AppleMoviePlayer
LogPluginManager: Mounting plugin ArchVisCharacter
LogPluginManager: Mounting plugin AudioCapture
LogPluginManager: Mounting plugin CableComponent
LogPluginManager: Mounting plugin CustomMeshComponent
LogPluginManager: Mounting plugin EditableMesh
LogPluginManager: Mounting plugin ExampleDeviceProfileSelector
LogPluginManager: Mounting plugin GoogleCloudMessaging
LogPluginManager: Mounting plugin ImmediatePhysics
LogPluginManager: Mounting plugin IOSDeviceProfileSelector
LogPluginManager: Mounting plugin LinuxDeviceProfileSelector
LogPluginManager: Mounting plugin LocationServicesBPLibrary
LogPluginManager: Mounting plugin MobilePatchingUtils
LogPluginManager: Mounting plugin OculusVR
LogPluginManager: Plugin shader directory ../../../Engine/Plugins/Runtime/Oculus/OculusVR/Shaders found
LogPluginManager: Mapping shader source directory ../../../Engine/Plugins/Runtime/Oculus/OculusVR/Shaders to virtual directory /Plugin/OculusVR
LogPluginManager: Mounting plugin PhysXVehicles
LogPluginManager: Mounting plugin ProceduralMeshComponent
LogPluginManager: Mounting plugin RuntimePhysXCooking
LogPluginManager: Mounting plugin SteamVR
LogPluginManager: Mounting plugin WindowsMoviePlayer
LogStreaming: Display: Took  0.744s to configure plugins.
LogInit: Using libcurl 7.55.1-DEV
LogInit:  - built for x86_64-pc-win32
LogInit:  - supports SSL with OpenSSL/1.0.2h
LogInit:  - supports HTTP deflate (compression) using libz 1.2.8
LogInit:  - other features:
LogInit:      CURL_VERSION_SSL
LogInit:      CURL_VERSION_LIBZ
LogInit:      CURL_VERSION_IPV6
LogInit:      CURL_VERSION_ASYNCHDNS
LogInit:      CURL_VERSION_LARGEFILE
LogInit:      CURL_VERSION_IDN
LogInit:  CurlRequestOptions (configurable via config and command line):
LogInit:  - bVerifyPeer = false  - Libcurl will NOT verify peer certificate
LogInit:  - bUseHttpProxy = false  - Libcurl will NOT use HTTP proxy
LogInit:  - bDontReuseConnections = false  - Libcurl will reuse connections
LogInit:  - CertBundlePath = nullptr  - Libcurl will use whatever was configured at build time.
LogInit:  - MaxHostConnections = 16  - Libcurl will limit the number of connections to a host
LogInit:  - LocalHostAddr = Default
LogInit:  - BufferSize = 65536
LogInit: WinSock: version 1.1 (2.2), MaxSocks=32767, MaxUdp=65467
LogHMD: Failed initializing OVRPlugin 1.25.0
LogInit: Build: ++UE4+Release-4.20-CL-4302132
LogInit: Engine Version: 4.20.2-4302132+++UE4+Release-4.20
LogInit: Compatible Engine Version: 4.20.0-4212847+++UE4+Release-4.20
LogInit: Net CL: 4212847
LogInit: OS: Windows 10 (), CPU: Intel(R) Core(TM) i7-6700K CPU @ 4.00GHz, GPU: NVIDIA GeForce GTX 980
LogInit: Compiled (64-bit): Aug 21 2018 02:06:06
LogInit: Compiled with Visual C++: 19.13.26129.00
LogInit: Build Configuration: Development
LogInit: Branch Name: ++UE4+Release-4.20
LogInit: Command Line:  
LogInit: Base Directory: D:/UNREAL/UE_4.20/Engine/Binaries/Win64/
LogInit: Installed Engine Build: 1
LogDevObjectVersion: Number of dev versions registered: 20
LogDevObjectVersion:   Dev-Blueprints (B0D832E4-1F89-4F0D-ACCF-7EB736FD4AA2): 10
LogDevObjectVersion:   Dev-Build (E1C64328-A22C-4D53-A36C-8E866417BD8C): 0
LogDevObjectVersion:   Dev-Core (375EC13C-06E4-48FB-B500-84F0262A717E): 2
LogDevObjectVersion:   Dev-Editor (E4B068ED-F494-42E9-A231-DA0B2E46BB41): 24
LogDevObjectVersion:   Dev-Framework (CFFC743F-43B0-4480-9391-14DF171D2073): 34
LogDevObjectVersion:   Dev-Mobile (B02B49B5-BB20-44E9-A304-32B752E40360): 2
LogDevObjectVersion:   Dev-Networking (A4E4105C-59A1-49B5-A7C5-40C4547EDFEE): 0
LogDevObjectVersion:   Dev-Online (39C831C9-5AE6-47DC-9A44-9C173E1C8E7C): 0
LogDevObjectVersion:   Dev-Physics (78F01B33-EBEA-4F98-B9B4-84EACCB95AA2): 0
LogDevObjectVersion:   Dev-Platform (6631380F-2D4D-43E0-8009-CF276956A95A): 0
LogDevObjectVersion:   Dev-Rendering (12F88B9F-8875-4AFC-A67C-D90C383ABD29): 26
LogDevObjectVersion:   Dev-Sequencer (7B5AE74C-D270-4C10-A958-57980B212A5A): 9
LogDevObjectVersion:   Dev-VR (D7296918-1DD6-4BDD-9DE2-64A83CC13884): 2
LogDevObjectVersion:   Dev-LoadTimes (C2A15278-BFE7-4AFE-6C17-90FF531DF755): 1
LogDevObjectVersion:   Private-Geometry (6EACA3D4-40EC-4CC1-B786-8BED09428FC5): 3
LogDevObjectVersion:   Dev-AnimPhys (29E575DD-E0A3-4627-9D10-D276232CDCEA): 17
LogDevObjectVersion:   Dev-ReflectionCapture (6B266CEC-1EC7-4B8F-A30B-E4D90942FC07): 1
LogDevObjectVersion:   Dev-Automation (0DF73D61-A23F-47EA-B727-89E90C41499A): 1
LogDevObjectVersion:   FortniteMain (601D1886-AC64-4F84-AA16-D3DE0DEAC7D6): 12
LogDevObjectVersion:   Dev-Enterprise (9DFFBCD6-494F-0158-E221-12823C92A888): 1
LogStreaming: Display: Took  0.021s to delete old logs.
LogInit: Presizing for max 8388607 objects, including 0 objects not considered by GC, pre-allocating 0 bytes for permanent pool.
LogInit: Object subsystem initialized
[2019.05.28-15.33.27:248][  0]LogInit: Selected Device Profile: [Windows]
[2019.05.28-15.33.27:249][  0]LogInit: Applying CVar settings loaded from the selected device profile: [Windows]
[2019.05.28-15.33.27:345][  0]LogHAL: Display: Platform has ~ 32 GB [34281889792 / 34359738368 / 32], which maps to Largest [LargestMinGB=32, LargerMinGB=12, DefaultMinGB=8, SmallerMinGB=6, SmallestMinGB=0)
[2019.05.28-15.33.27:352][  0]LogInit: Setting Device Profile CVar: [[r.Vulkan.UseRealUBs:1]]
[2019.05.28-15.33.27:352][  0]LogInit: Going up to parent DeviceProfile []
[2019.05.28-15.33.27:401][  0]LogInit: Computer: W0DEL-1-125A-02
[2019.05.28-15.33.27:401][  0]LogInit: User: up877487
[2019.05.28-15.33.27:401][  0]LogInit: CPU Page size=4096, Cores=4
[2019.05.28-15.33.27:401][  0]LogInit: High frequency timer resolution =3.914065 MHz
[2019.05.28-15.33.27:402][  0]LogMemory: Memory total: Physical=31.9GB (32GB approx)
[2019.05.28-15.33.27:402][  0]LogMemory: Platform Memory Stats for Windows
[2019.05.28-15.33.27:402][  0]LogMemory: Process Physical Memory: 102.02 MB used, 102.02 MB peak
[2019.05.28-15.33.27:402][  0]LogMemory: Process Virtual Memory: 94.60 MB used, 94.60 MB peak
[2019.05.28-15.33.27:402][  0]LogMemory: Physical Memory: 4872.02 MB used,  27821.74 MB free, 32693.76 MB total
[2019.05.28-15.33.27:402][  0]LogMemory: Virtual Memory: 526.45 MB used,  27821.74 MB free, 134217728.00 MB total
[2019.05.28-15.33.27:953][  0]LogInit: Using OS detected language (en-GB).
[2019.05.28-15.33.27:953][  0]LogInit: Using OS detected locale (en-GB).
[2019.05.28-15.33.28:016][  0]LogTextLocalizationManager: No specific localization for 'en-GB' exists, so the 'en' localization will be used.
[2019.05.28-15.33.28:670][  0]LogStreaming: Display: Took  0.717s to InitEngineTextLocalization.
[2019.05.28-15.33.28:721][  0]LogInit: Setting process to per monitor DPI aware
[2019.05.28-15.33.29:104][  0]LogSlate: New Slate User Created.  User Index 0, Is Virtual User: 0
[2019.05.28-15.33.29:104][  0]LogSlate: Slate User Registered.  User Index 0, Is Virtual User: 0
[2019.05.28-15.33.30:668][  0]LogHMD: Failed to initialize OpenVR with code 110
[2019.05.28-15.33.30:668][  0]LogD3D11RHI: D3D11 adapters:
[2019.05.28-15.33.30:748][  0]LogD3D11RHI:    0. 'NVIDIA GeForce GTX 980' (Feature Level 11_0)
[2019.05.28-15.33.30:748][  0]LogD3D11RHI:       4053/0/16346 MB DedicatedVideo/DedicatedSystem/SharedSystem, Outputs:1, VendorId:0x10de
[2019.05.28-15.33.30:750][  0]LogD3D11RHI:    1. 'Microsoft Basic Render Driver' (Feature Level 11_0)
[2019.05.28-15.33.30:750][  0]LogD3D11RHI:       0/0/16346 MB DedicatedVideo/DedicatedSystem/SharedSystem, Outputs:0, VendorId:0x1414
[2019.05.28-15.33.30:750][  0]LogD3D11RHI: Chosen D3D11 Adapter: 0
[2019.05.28-15.33.30:769][  0]LogD3D11RHI: Creating new Direct3DDevice
[2019.05.28-15.33.30:769][  0]LogD3D11RHI:     GPU DeviceId: 0x13c0 (for the marketing name, search the web for "GPU Device Id")
[2019.05.28-15.33.30:779][  0]LogWindows: EnumDisplayDevices:
[2019.05.28-15.33.30:779][  0]LogWindows:    0. 'NVIDIA GeForce GTX 980' (P:1 D:1)
[2019.05.28-15.33.30:779][  0]LogWindows:    1. 'NVIDIA GeForce GTX 980' (P:0 D:0)
[2019.05.28-15.33.30:779][  0]LogWindows:    2. 'NVIDIA GeForce GTX 980' (P:0 D:0)
[2019.05.28-15.33.30:780][  0]LogWindows:    3. 'NVIDIA GeForce GTX 980' (P:0 D:0)
[2019.05.28-15.33.30:780][  0]LogWindows: DebugString: FoundDriverCount:4 
[2019.05.28-15.33.30:780][  0]LogD3D11RHI:     Adapter Name: NVIDIA GeForce GTX 980
[2019.05.28-15.33.30:780][  0]LogD3D11RHI:   Driver Version: 399.07 (internal:24.21.13.9907, unified:399.07)
[2019.05.28-15.33.30:780][  0]LogD3D11RHI:      Driver Date: 8-21-2018
[2019.05.28-15.33.30:780][  0]LogRHI: Texture pool is 2837 MB (70% of 4053 MB)
[2019.05.28-15.33.30:812][  0]LogD3D11RHI: Async texture creation enabled
[2019.05.28-15.33.31:012][  0]LogD3D11RHI: GPU Timing Frequency: 1000.000000 (Debug: 2 2)
[2019.05.28-15.33.31:055][  0]LogShaderCompilers: Guid format shader working directory is 21 characters bigger than the processId version (N:/Unreal Projects/MyProject/Intermediate/Shaders/WorkingDirectory/5924/).
[2019.05.28-15.33.31:055][  0]LogShaderCompilers: Cleaned the shader compiler working directory 'C:/Users/up877487/AppData/Local/Temp/UnrealShaderWorkingDir/4C0C675040F4B5E734E2F79129DB291C/'.
[2019.05.28-15.33.31:604][  0]LogTemp: Display: Loaded TP AllDesktopTargetPlatform
[2019.05.28-15.33.31:665][  0]LogTemp: Display: Loaded TP MacClientTargetPlatform
[2019.05.28-15.33.31:714][  0]LogTemp: Display: Loaded TP MacNoEditorTargetPlatform
[2019.05.28-15.33.31:737][  0]LogTemp: Display: Loaded TP MacServerTargetPlatform
[2019.05.28-15.33.31:782][  0]LogTemp: Display: Loaded TP MacTargetPlatform
[2019.05.28-15.33.31:819][  0]LogTemp: Display: Loaded TP WindowsClientTargetPlatform
[2019.05.28-15.33.31:849][  0]LogTemp: Display: Loaded TP WindowsNoEditorTargetPlatform
[2019.05.28-15.33.31:934][  0]LogTemp: Display: Loaded TP WindowsServerTargetPlatform
[2019.05.28-15.33.31:967][  0]LogTemp: Display: Loaded TP WindowsTargetPlatform
[2019.05.28-15.33.32:113][  0]LogTemp: Display: Loaded TP AndroidTargetPlatform
[2019.05.28-15.33.32:113][  0]LogTemp: Display: Loaded TP AndroidTargetPlatform
[2019.05.28-15.33.32:113][  0]LogTemp: Display: Loaded TP AndroidTargetPlatform
[2019.05.28-15.33.32:113][  0]LogTemp: Display: Loaded TP AndroidTargetPlatform
[2019.05.28-15.33.32:113][  0]LogTemp: Display: Loaded TP AndroidTargetPlatform
[2019.05.28-15.33.32:113][  0]LogTemp: Display: Loaded TP AndroidTargetPlatform
[2019.05.28-15.33.32:113][  0]LogTemp: Display: Loaded TP AndroidTargetPlatform
[2019.05.28-15.33.32:113][  0]LogTemp: Display: Loaded TP AndroidTargetPlatform
[2019.05.28-15.33.32:113][  0]LogTemp: Display: Loaded TP AndroidTargetPlatform
[2019.05.28-15.33.32:113][  0]LogTemp: Display: Loaded TP AndroidTargetPlatform
[2019.05.28-15.33.32:113][  0]LogTemp: Display: Loaded TP AndroidTargetPlatform
[2019.05.28-15.33.32:113][  0]LogTemp: Display: Loaded TP AndroidTargetPlatform
[2019.05.28-15.33.32:113][  0]LogTemp: Display: Loaded TP AndroidTargetPlatform
[2019.05.28-15.33.32:113][  0]LogTemp: Display: Loaded TP AndroidTargetPlatform
[2019.05.28-15.33.32:113][  0]LogTemp: Display: Loaded TP AndroidTargetPlatform
[2019.05.28-15.33.32:113][  0]LogTemp: Display: Loaded TP AndroidTargetPlatform
[2019.05.28-15.33.32:113][  0]LogTemp: Display: Loaded TP AndroidTargetPlatform
[2019.05.28-15.33.32:113][  0]LogTemp: Display: Loaded TP AndroidTargetPlatform
[2019.05.28-15.33.32:128][  0]LogTemp: Display: Loaded TP HTML5TargetPlatform
[2019.05.28-15.33.32:245][  0]LogTemp: Display: Loaded TP IOSTargetPlatform
[2019.05.28-15.33.32:245][  0]LogTemp: Display: Loaded TP IOSTargetPlatform
[2019.05.28-15.33.32:281][  0]LogTemp: Display: Loaded TP TVOSTargetPlatform
[2019.05.28-15.33.32:281][  0]LogTemp: Display: Loaded TP TVOSTargetPlatform
[2019.05.28-15.33.32:310][  0]LogTemp: Display: Loaded TP LinuxClientTargetPlatform
[2019.05.28-15.33.32:339][  0]LogTemp: Display: Loaded TP LinuxNoEditorTargetPlatform
[2019.05.28-15.33.32:359][  0]LogTemp: Display: Loaded TP LinuxServerTargetPlatform
[2019.05.28-15.33.32:392][  0]LogTemp: Display: Loaded TP LinuxTargetPlatform
[2019.05.28-15.33.32:426][  0]LogTemp: Display: Loaded TP LuminTargetPlatform
[2019.05.28-15.33.32:426][  0]LogTargetPlatformManager: Display: Building Assets For Windows
[2019.05.28-15.33.32:912][  0]LogXGEController: Cleaning working directory: C:/Users/up877487/AppData/Local/Temp/UnrealXGEWorkingDir/
[2019.05.28-15.33.32:913][  0]LogXGEController: Cannot use XGE Controller as Incredibuild is not installed on this machine.
[2019.05.28-15.33.32:913][  0]LogShaderCompilers: Cannot use XGE Shader Compiler as Incredibuild is not installed on this machine.
[2019.05.28-15.33.32:913][  0]LogShaderCompilers: Display: Using Local Shader Compiler.
[2019.05.28-15.33.34:935][  0]LogDerivedDataCache: Display: Max Cache Size: 512 MB
[2019.05.28-15.33.35:211][  0]LogDerivedDataCache: Loaded boot cache 0.28s 86MB C:/Users/up877487/AppData/Local/UnrealEngine/4.20/DerivedDataCache/Boot.ddc.
[2019.05.28-15.33.35:211][  0]LogDerivedDataCache: Display: Loaded Boot cache: C:/Users/up877487/AppData/Local/UnrealEngine/4.20/DerivedDataCache/Boot.ddc
[2019.05.28-15.33.35:212][  0]LogDerivedDataCache: FDerivedDataBackendGraph:  Pak pak cache file N:/Unreal Projects/MyProject/DerivedDataCache/DDC.ddp not found, will not use a pak cache.
[2019.05.28-15.33.35:212][  0]LogDerivedDataCache: Unable to find inner node Pak for hierarchical cache Hierarchy.
[2019.05.28-15.33.35:212][  0]LogDerivedDataCache: FDerivedDataBackendGraph:  CompressedPak pak cache file N:/Unreal Projects/MyProject/DerivedDataCache/Compressed.ddp not found, will not use a pak cache.
[2019.05.28-15.33.35:212][  0]LogDerivedDataCache: Unable to find inner node CompressedPak for hierarchical cache Hierarchy.
[2019.05.28-15.33.35:261][  0]LogDerivedDataCache: Display: Pak cache opened for reading ../../../Engine/DerivedDataCache/Compressed.ddp.
[2019.05.28-15.33.35:274][  0]LogDerivedDataCache: Using Local data cache path C:/Users/up877487/AppData/Local/UnrealEngine/Common/DerivedDataCache: Writable
[2019.05.28-15.33.35:274][  0]LogDerivedDataCache: Shared data cache path not found in *engine.ini, will not use an Shared cache.
[2019.05.28-15.33.35:274][  0]LogDerivedDataCache: Unable to find inner node Shared for hierarchical cache Hierarchy.
[2019.05.28-15.33.35:311][  0]LogMaterial: Verifying Global Shaders for PCD3D_SM5
[2019.05.28-15.33.35:349][  0]LogSlate: Using FreeType 2.6.0
[2019.05.28-15.33.35:418][  0]LogSlate: SlateFontServices - WITH_FREETYPE: 1, WITH_HARFBUZZ: 1
[2019.05.28-15.33.35:852][  0]LogAssetRegistry: FAssetRegistry took 0.0291 seconds to start up
[2019.05.28-15.33.39:492][  0]LogInit: Selected Device Profile: [Windows]
[2019.05.28-15.33.40:936][  0]LogSimplygon: Simplygon DLL not present - disabling.
[2019.05.28-15.33.41:104][  0]LogMeshReduction: Using SimplygonSwarm for distributed automatic mesh merging
[2019.05.28-15.33.41:105][  0]LogMeshReduction: Using ProxyLODMeshReduction for automatic mesh merging
[2019.05.28-15.33.41:112][  0]LogMeshReduction: Using QuadricMeshReduction for automatic static mesh reduction
[2019.05.28-15.33.41:112][  0]LogMeshReduction: No automatic skeletal mesh reduction module available
[2019.05.28-15.33.41:390][  0]LogNetVersion: MyProject 1.0.0, NetCL: 4212847, EngineNetVer: 5, GameNetVer: 0 (Checksum: 1110078900)
[2019.05.28-15.33.44:336][  0]LogPackageLocalizationCache: Processed 11 localized package path(s) for 2 prioritized culture(s) in 0.576643 seconds
[2019.05.28-15.33.44:368][  0]LogUObjectArray: 38425 objects as part of root set at end of initial load.
[2019.05.28-15.33.44:368][  0]LogUObjectAllocator: 6690864 out of 0 bytes used by permanent object pool.
[2019.05.28-15.33.44:368][  0]LogUObjectArray: CloseDisregardForGC: 0/0 objects in disregard for GC pool
[2019.05.28-15.33.52:960][  0]LogTcpMessaging: Initializing TcpMessaging bridge
[2019.05.28-15.33.53:032][  0]LogUdpMessaging: Initializing bridge on interface 0.0.0.0:0 to multicast group 230.0.0.1:6666.
[2019.05.28-15.33.53:831][  0]SourceControl: Source control is disabled
[2019.05.28-15.33.53:833][  0]SourceControl: Source control is disabled
[2019.05.28-15.33.53:877][  0]SourceControl: Source control is disabled
[2019.05.28-15.33.53:905][  0]SourceControl: Source control is disabled
[2019.05.28-15.33.55:202][  0]LogAndroidPermission: UAndroidPermissionCallbackProxy::GetInstance
[2019.05.28-15.33.55:390][  0]LogOcInput: OculusInput pre-init called
[2019.05.28-15.33.55:825][  0]LogEngine: Initializing Engine...
[2019.05.28-15.33.55:846][  0]LogHMD: Failed to initialize OpenVR with code 110
[2019.05.28-15.33.55:866][  0]LogStats: UGameplayTagsManager::ConstructGameplayTagTree: ImportINI prefixes -  0.000 s
[2019.05.28-15.33.55:866][  0]LogStats: UGameplayTagsManager::ConstructGameplayTagTree: Construct from data asset -  0.000 s
[2019.05.28-15.33.55:868][  0]LogStats: UGameplayTagsManager::ConstructGameplayTagTree: ImportINI -  0.002 s
[2019.05.28-15.33.55:868][  0]LogStats: UGameplayTagsManager::ConstructGameplayTagTree: GameplayTagTreeChangedEvent.Broadcast -  0.000 s
[2019.05.28-15.33.56:126][  0]LogInit: Initializing FReadOnlyCVARCache
[2019.05.28-15.33.56:347][  0]LogAIModule: Creating AISystem for world Untitled
[2019.05.28-15.33.56:424][  0]LogInit: XAudio2 using 'Realtek Digital Output (Realtek High Definition Audio)' : 2 channels at 48 kHz using 16 bits per sample (channel mask 0x3)
[2019.05.28-15.33.56:523][  0]LogInit: FAudioDevice initialized.
[2019.05.28-15.33.56:523][  0]LogNetVersion: Set ProjectVersion to 1.0.0.0. Version Checksum will be recalculated on next use.
[2019.05.28-15.33.56:614][  0]LogDerivedDataCache: Saved boot cache 0.09s 72MB C:/Users/up877487/AppData/Local/UnrealEngine/4.20/DerivedDataCache/Boot.ddc.
[2019.05.28-15.33.56:619][  0]LogInit: Texture streaming: Enabled
[2019.05.28-15.33.56:687][  0]LogEngineSessionManager: EngineSessionManager initialized
[2019.05.28-15.33.56:747][  0]LogInit: Transaction tracking system initialized
[2019.05.28-15.33.57:092][  0]BlueprintLog: New page: Editor Load
[2019.05.28-15.33.58:140][  0]LocalizationService: Localization service is disabled
[2019.05.28-15.33.59:481][  0]LogCook: Display: Max memory allowance for cook 16384mb min free memory 0mb
[2019.05.28-15.33.59:481][  0]LogCook: Display: Mobile HDR setting 1
[2019.05.28-15.33.59:489][  0]LogGameplayTags: Display: UGameplayTagsManager::DoneAddingNativeTags. DelegateIsBound: 0
[2019.05.28-15.33.59:490][  0]LogStats: UGameplayTagsManager::ConstructGameplayTagTree: ImportINI prefixes -  0.000 s
[2019.05.28-15.33.59:490][  0]LogStats: UGameplayTagsManager::ConstructGameplayTagTree: Construct from data asset -  0.000 s
[2019.05.28-15.33.59:490][  0]LogStats: UGameplayTagsManager::ConstructGameplayTagTree: ImportINI -  0.000 s
[2019.05.28-15.33.59:490][  0]LogStats: UGameplayTagsManager::ConstructGameplayTagTree: GameplayTagTreeChangedEvent.Broadcast -  0.000 s
[2019.05.28-15.34.00:305][  0]LogFileCache: Scanning file cache for directory 'N:/Unreal Projects/MyProject/Content/' took 0.14s
[2019.05.28-15.34.01:301][  0]SourceControl: Source control is disabled
[2019.05.28-15.34.01:316][  0]Cmd: MAP LOAD FILE="N:/Unreal Projects/MyProject/Content/VirtualRealityBP/Maps/StartupMap.umap" TEMPLATE=0 SHOWPROGRESS=1 FEATURELEVEL=3
[2019.05.28-15.34.01:449][  0]LightingResults: New page: Lighting Build
[2019.05.28-15.34.01:544][  0]MapCheck: New page: Map Check
[2019.05.28-15.34.01:544][  0]LightingResults: New page: Lighting Build
[2019.05.28-15.34.04:717][  0]LogAIModule: Creating AISystem for world StartupMap
[2019.05.28-15.34.04:964][  0]LogEditorServer: Finished looking for orphan Actors (0.000 secs)
[2019.05.28-15.34.05:071][  0]Cmd: MAP CHECKDEP NOCLEARLOG
[2019.05.28-15.34.05:119][  0]MapCheck: Map check complete: 0 Error(s), 0 Warning(s), took 48.185ms to complete.
[2019.05.28-15.34.05:119][  0]LogFileHelpers: Loading map 'StartupMap' took 3.813
[2019.05.28-15.34.06:018][  0]LogSlate: Updating window title bar state: overlay mode, drag disabled, window buttons hidden, title bar hidden
[2019.05.28-15.34.06:037][  0]LogSlate: Updating window title bar state: overlay mode, drag disabled, window buttons hidden, title bar hidden
[2019.05.28-15.34.06:054][  0]LogSlate: Updating window title bar state: overlay mode, drag disabled, window buttons hidden, title bar hidden
[2019.05.28-15.34.06:069][  0]LogSlate: Updating window title bar state: overlay mode, drag disabled, window buttons hidden, title bar hidden
[2019.05.28-15.34.06:161][  0]LogCollectionManager: Loaded 0 collections in 0.042148 seconds
[2019.05.28-15.34.06:246][  0]LogFileCache: Scanning file cache for directory 'N:/Unreal Projects/MyProject/Saved/Collections/' took 0.01s
[2019.05.28-15.34.06:246][  0]LogFileCache: Scanning file cache for directory 'N:/Unreal Projects/MyProject/Content/Developers/up877487/Collections/' took 0.01s
[2019.05.28-15.34.06:246][  0]LogFileCache: Scanning file cache for directory 'N:/Unreal Projects/MyProject/Content/Collections/' took 0.01s
[2019.05.28-15.34.06:246][  0]LogCollectionManager: Rebuilt the GUID cache for 0 collections in 0.000001 seconds
[2019.05.28-15.34.06:261][  0]LogContentBrowser: Native class hierarchy populated in 0.0139 seconds. Added 2572 classes and 603 folders.
[2019.05.28-15.34.06:320][  0]LogContentBrowser: Native class hierarchy updated for 'WidgetCarousel' in 0.0005 seconds. Added 0 classes and 0 folders.
[2019.05.28-15.34.07:796][  0]LogContentBrowser: Native class hierarchy updated for 'AddContentDialog' in 0.0009 seconds. Added 0 classes and 0 folders.
[2019.05.28-15.34.07:865][  0]LogContentBrowser: Native class hierarchy updated for 'SceneOutliner' in 0.0005 seconds. Added 1 classes and 2 folders.
[2019.05.28-15.34.08:226][  0]LogSlate: Took 0.012917 seconds to synchronously load lazily loaded font '../../../Engine/Content/Slate/Fonts/Roboto-Regular.ttf' (155K)
[2019.05.28-15.34.08:269][  0]LogSlate: Took 0.021889 seconds to synchronously load lazily loaded font '../../../Engine/Content/Slate/Fonts/Roboto-Bold.ttf' (160K)
[2019.05.28-15.34.08:326][  0]LogSlate: Took 0.017456 seconds to synchronously load lazily loaded font '../../../Engine/Content/Editor/Slate/Fonts/FontAwesome.ttf' (139K)
[2019.05.28-15.34.08:922][  0]LogRenderer: Reallocating scene render targets to support 1208x576 Format 26 NumSamples 1 (Frame:1).
[2019.05.28-15.34.09:256][  0]LogContentBrowser: Native class hierarchy updated for 'HierarchicalLODOutliner' in 0.0002 seconds. Added 0 classes and 0 folders.
[2019.05.28-15.34.09:257][  0]LogLoad: (Engine Initialization) Total time: 54.68 seconds
[2019.05.28-15.34.09:257][  0]LogLoad: (Engine Initialization) Total Blueprint compile time: 0.00 seconds
[2019.05.28-15.34.09:373][  0]LogContentStreaming: Texture pool size now 1000 MB
[2019.05.28-15.34.09:472][  0]LogSlate: Took 0.008052 seconds to synchronously load lazily loaded font '../../../Engine/Content/Slate/Fonts/Roboto-Light.ttf' (167K)
[2019.05.28-15.34.09:599][  2]LogAssetRegistry: Asset discovery search completed in 33.7706 seconds
[2019.05.28-15.34.09:602][  2]LogCollectionManager: Rebuilt the object cache for 0 collections in 0.000000 seconds (found 0 objects)
[2019.05.28-15.34.09:602][  2]LogCollectionManager: Fixed up redirectors for 0 collections in 0.000134 seconds (updated 0 objects)
[2019.05.28-15.37.50:332][453]LogSlate: FSceneViewport::OnFocusLost() reason 0
[2019.05.28-15.37.50:593][484]LogSlate: Took 0.000180 seconds to synchronously load lazily loaded font '../../../Engine/Content/Slate/Fonts/Roboto-Light.ttf' (167K)
[2019.05.28-15.37.53:714][484]LogAIModule: Creating AISystem for world MotionControllerMap
[2019.05.28-15.37.53:747][484]LogAssetEditorManager: Opening Asset editor for World /Game/VirtualRealityBP/Maps/MotionControllerMap.MotionControllerMap
[2019.05.28-15.37.53:805][484]Cmd: MAP LOAD FILE="N:/Unreal Projects/MyProject/Content/VirtualRealityBP/Maps/MotionControllerMap.umap" TEMPLATE=0 SHOWPROGRESS=1 FEATURELEVEL=3
[2019.05.28-15.37.53:805][484]LightingResults: New page: Lighting Build
[2019.05.28-15.37.53:806][484]LoadErrors: New page: Loading map: MotionControllerMap.umap
[2019.05.28-15.37.53:832][484]MapCheck: New page: Map Check
[2019.05.28-15.37.53:832][484]LightingResults: New page: Lighting Build
[2019.05.28-15.37.53:920][484]LogEditorServer: Finished looking for orphan Actors (0.000 secs)
[2019.05.28-15.37.53:983][484]Cmd: MAP CHECKDEP NOCLEARLOG
[2019.05.28-15.37.54:063][484]MapCheck: Map check complete: 0 Error(s), 0 Warning(s), took 80.835ms to complete.
[2019.05.28-15.37.54:063][484]LogFileHelpers: Loading map 'MotionControllerMap' took 0.271
[2019.05.28-15.38.29:895][766]LogEditorViewport: Clicking on Actor (LMB): BP_ClimbableCube_C (BP_ClimbableCube13)
[2019.05.28-15.38.34:679][298]LogEditorViewport: Clicking on Actor (LMB): BP_ClimbableCube_C (BP_ClimbableCube14)
[2019.05.28-15.38.35:005][335]LogEditorViewport: Clicking on Component (LMB): StaticMeshComponent (Cube)
[2019.05.28-15.38.36:836][536]LogEditorViewport: Clicking on Component (LMB): StaticMeshComponent (Cube)
[2019.05.28-15.38.40:658][993]LogEditorViewport: Clicking on Actor (LMB): BP_Sky_Sphere_C (SkySphereBlueprint)
[2019.05.28-15.38.41:380][ 77]LogEditorViewport: Clicking on Actor (LMB): BP_ClimbableCube_C (BP_ClimbableCube14)
[2019.05.28-15.38.45:798][604]LogEditorViewport: Clicking on Actor (LMB): BP_Sky_Sphere_C (SkySphereBlueprint)
[2019.05.28-15.38.46:644][703]LogEditorViewport: Clicking on Actor (LMB): BP_ClimbableCube_C (BP_ClimbableCube15)
[2019.05.28-15.38.51:263][254]LogEditorViewport: Clicking on Actor (LMB): BP_ClimbableCube_C (BP_ClimbableCube16)
[2019.05.28-15.38.59:429][231]LogEditorViewport: Clicking on Actor (LMB): BP_ClimbableCube_C (BP_ClimbableCube17)
[2019.05.28-15.39.05:091][907]LogEditorViewport: Clicking on Actor (LMB): BP_ClimbableCube_C (BP_ClimbableCube18)
[2019.05.28-15.39.32:752][222]LogEditorViewport: Clicking on Actor (LMB): BP_ClimbableCube_C (BP_ClimbableCube2)
[2019.05.28-15.39.34:886][476]LogEditorViewport: Clicking on Actor (LMB): BP_ClimbableCube_C (BP_ClimbableCube3)
[2019.05.28-15.40.15:488][346]LogEditorViewport: Clicking on Actor (LMB): BP_ClimbableCube_C (BP_ClimbableCube2)
[2019.05.28-15.40.16:647][483]LogEditorViewport: Clicking on Actor (LMB): BP_ClimbableCube_C (BP_ClimbableCube4)
[2019.05.28-15.40.43:902][750]LogEditorViewport: Clicking on Actor (LMB): StaticMeshActor (EditorCube12)
[2019.05.28-15.40.44:882][862]LogEditorViewport: Clicking on Actor (LMB): StaticMeshActor (EditorCube14)
[2019.05.28-15.40.46:403][ 41]LogEditorViewport: Clicking on Actor (LMB): StaticMeshActor (EditorCube12)
[2019.05.28-15.40.47:374][154]LogEditorViewport: Clicking on Actor (LMB): StaticMeshActor (EditorCube14)
[2019.05.28-15.40.48:828][325]LogEditorViewport: Clicking on Actor (LMB): StaticMeshActor (EditorCube12)
[2019.05.28-15.41.06:227][396]LogEditorViewport: Clicking on Actor (LMB): BP_ClimbableCube_C (BP_ClimbableCube2)
[2019.05.28-15.41.07:762][577]LogEditorViewport: Clicking on Actor (LMB): BP_ClimbableCube_C (BP_ClimbableCube)
[2019.05.28-15.41.14:062][331]LogEditorViewport: Clicking on Actor (LMB): BP_ClimbableCube_C (BP_ClimbableCube2)
[2019.05.28-15.41.15:329][481]LogEditorViewport: Clicking on Actor (LMB): BP_ClimbableCube_C (BP_ClimbableCube4)
[2019.05.28-15.41.18:082][809]LogEditorViewport: Clicking on Actor (LMB): BP_ClimbableCube_C (BP_ClimbableCube5)
[2019.05.28-15.41.19:591][988]LogEditorViewport: Clicking on Actor (LMB): BP_ClimbableCube_C (BP_ClimbableCube6)
[2019.05.28-15.41.21:640][232]LogEditorViewport: Clicking on Actor (LMB): BP_ClimbableCube_C (BP_ClimbableCube7)
[2019.05.28-15.41.28:204][ 16]LogEditorViewport: Clicking on Actor (LMB): BP_ClimbableCube_C (BP_ClimbableCube8)
[2019.05.28-15.41.29:820][208]LogEditorViewport: Clicking on Actor (LMB): BP_ClimbableCube_C (BP_ClimbableCube10)
[2019.05.28-15.41.33:689][669]LogEditorViewport: Clicking on Actor (LMB): BP_ClimbableCube_C (BP_ClimbableCube12)
[2019.05.28-15.41.34:050][710]LogEditorViewport: Clicking on Component (LMB): StaticMeshComponent (Cube)
[2019.05.28-15.41.40:675][501]LogEditorViewport: Clicking on Actor (LMB): BP_ClimbableCube_C (BP_ClimbableCube10)
[2019.05.28-15.41.42:428][709]LogEditorViewport: Clicking on Actor (LMB): BP_ClimbableCube_C (BP_ClimbableCube10)
[2019.05.28-15.41.44:355][939]LogEditorViewport: Clicking on Actor (LMB): BP_ClimbableCube_C (BP_ClimbableCube19)
[2019.05.28-15.41.44:700][978]LogEditorViewport: Clicking on Component (LMB): StaticMeshComponent (Cube)
[2019.05.28-15.41.49:331][530]Cmd: TRANSACTION UNDO
[2019.05.28-15.41.49:331][530]LogEditorTransaction: Undo Move Components
[2019.05.28-15.41.53:368][  4]LogEditorViewport: Clicking on Actor (LMB): BP_ClimbableCube_C (BP_ClimbableCube19)
[2019.05.28-15.42.28:085][165]LogEditorViewport: Clicking on Actor (LMB): BP_ClimbableCube_C (BP_ClimbableCube20)
[2019.05.28-15.42.40:879][697]LogEditorViewport: Clicking on Actor (LMB): BP_ClimbableCube_C (BP_ClimbableCube12)
[2019.05.28-15.42.42:831][929]LogEditorViewport: Clicking on Actor (LMB): BP_ClimbableCube_C (BP_ClimbableCube12)
[2019.05.28-15.43.42:837][128]LogEditorViewport: Clicking on Actor (LMB): BP_ClimbableCube_C (BP_ClimbableCube)
[2019.05.28-15.43.44:721][352]LogEditorViewport: Clicking on Actor (LMB): BP_ClimbableCube_C (BP_ClimbableCube2)
[2019.05.28-15.43.59:822][162]LogEditorViewport: Clicking on Actor (LMB): BP_ClimbableCube_C (BP_ClimbableCube7)
[2019.05.28-15.44.09:232][288]LogEditorViewport: Clicking on Actor (LMB): BP_ClimbableCube_C (BP_ClimbableCube9)
[2019.05.28-15.44.10:523][441]LogEditorViewport: Clicking on Actor (LMB): BP_ClimbableCube_C (BP_ClimbableCube8)
[2019.05.28-15.44.11:756][587]LogEditorViewport: Clicking on Actor (LMB): BP_ClimbableCube_C (BP_ClimbableCube10)
[2019.05.28-15.44.13:888][841]LogEditorViewport: Clicking on Actor (LMB): BP_ClimbableCube_C (BP_ClimbableCube12)
[2019.05.28-15.44.18:509][392]LogEditorViewport: Clicking on Actor (LMB): BP_ClimbableCube_C (BP_ClimbableCube13)
[2019.05.28-15.47.50:437][817]LogSlate: FSceneViewport::OnFocusLost() reason 2
[2019.05.28-15.47.54:364][817]LogSavePackage: Moving 'N:/Unreal Projects/MyProject/Saved/MotionControllerMap_Auto1A204DAAA4B0E5EFDD8FFD082F6A8FD75.tmp' to 'N:/Unreal Projects/MyProject/Saved/Autosaves/Game/VirtualRealityBP/Maps/MotionControllerMap_Auto1.umap'
[2019.05.28-15.47.54:491][817]LogFileHelpers: Editor autosave (incl. sublevels) for '/Game/VirtualRealityBP/Maps/MotionControllerMap' took 4.026
[2019.05.28-15.47.54:491][817]LogFileHelpers: Editor autosave (incl. sublevels) for all levels took 4.026
